  [1m[36m (124.5ms)[0m  [1mCREATE TABLE "schema_migrations" ("version" varchar NOT NULL) [0m
  [1m[35m (0.1ms)[0m  select sqlite_version(*)
  [1m[36m (125.0ms)[0m  [1mCREATE UNIQUE INDEX "unique_schema_migrations" ON "schema_migrations" ("version")[0m
  [1m[35mActiveRecord::SchemaMigration Load (0.1ms)[0m  SELECT "schema_migrations".* FROM "schema_migrations"
Migrating to CaseinCreateAdminUsers (20150604205544)
  [1m[36m (0.1ms)[0m  [1mbegin transaction[0m
DEPRECATION WARNING: `#timestamp` was called without specifying an option for `null`. In Rails 5, this behavior will change to `null: false`. You should manually specify `null: true` to prevent the behavior of your existing migrations from changing. (called from block in up at /home/zaphod/workspace/twentyeyes_web/db/migrate/20150604205544_casein_create_admin_users.rb:22)
  [1m[35m (0.3ms)[0m  CREATE TABLE "casein_admin_users" ("id" INTEGER PRIMARY KEY AUTOINCREMENT NOT NULL, "login" varchar NOT NULL, "name" varchar, "email" varchar, "access_level" integer DEFAULT 0 NOT NULL, "crypted_password" varchar NOT NULL, "password_salt" varchar NOT NULL, "persistence_token" varchar, "single_access_token" varchar, "perishable_token" varchar, "login_count" integer DEFAULT 0 NOT NULL, "failed_login_count" integer DEFAULT 0 NOT NULL, "last_request_at" datetime, "current_login_at" datetime, "last_login_at" datetime, "current_login_ip" varchar, "last_login_ip" varchar, "time_zone" varchar, "created_at" datetime, "updated_at" datetime) 
  [1m[36mSQL (0.1ms)[0m  [1mINSERT INTO "schema_migrations" ("version") VALUES (?)[0m  [["version", "20150604205544"]]
  [1m[35m (106.5ms)[0m  commit transaction
  [1m[36mActiveRecord::SchemaMigration Load (0.0ms)[0m  [1mSELECT "schema_migrations".* FROM "schema_migrations"[0m
  [1m[36m (0.1ms)[0m  [1mbegin transaction[0m
  [1m[35mCasein::AdminUser Exists (0.1ms)[0m  SELECT  1 AS one FROM "casein_admin_users" WHERE LOWER("casein_admin_users"."login") = LOWER('admin') LIMIT 1
  [1m[36mCasein::AdminUser Exists (0.0ms)[0m  [1mSELECT  1 AS one FROM "casein_admin_users" WHERE "casein_admin_users"."persistence_token" = '8c3b046f460940ce7fd6e9994dda19639f6ed6f3edbaeffe62ccde025c3ef7442a8c134a824c696e75d900124f38daf6b937b9abfe3bf2a0f5a6a4cc60604e31' LIMIT 1[0m
  [1m[35mCasein::AdminUser Exists (0.0ms)[0m  SELECT  1 AS one FROM "casein_admin_users" WHERE "casein_admin_users"."single_access_token" = 'NNgcjMlA0tOP56n8zQSh' LIMIT 1
  [1m[36mCasein::AdminUser Exists (0.0ms)[0m  [1mSELECT  1 AS one FROM "casein_admin_users" WHERE "casein_admin_users"."login" = 'admin' LIMIT 1[0m
  [1m[35mSQL (0.2ms)[0m  INSERT INTO "casein_admin_users" ("login", "name", "email", "password_salt", "crypted_password", "persistence_token", "single_access_token", "time_zone", "perishable_token", "created_at", "updated_at") VALUES (?, ?, ?, ?, ?, ?, ?, ?, ?, ?, ?)  [["login", "admin"], ["name", "Admin"], ["email", "whitep@vcu.edu"], ["password_salt", "PnhFv5QalmNKpmmj23aS"], ["crypted_password", "400$8$61$5796f0258abb1a82$5f3b07e0ab5895da705f698e40cd68d35fd6595dd092c084c92ffb2bd4dbd3ca"], ["persistence_token", "8c3b046f460940ce7fd6e9994dda19639f6ed6f3edbaeffe62ccde025c3ef7442a8c134a824c696e75d900124f38daf6b937b9abfe3bf2a0f5a6a4cc60604e31"], ["single_access_token", "NNgcjMlA0tOP56n8zQSh"], ["time_zone", "UTC"], ["perishable_token", "qpeDXIdk9FrkOYbaTpHr"], ["created_at", "2015-06-04 20:56:38.072982"], ["updated_at", "2015-06-04 20:56:38.072982"]]
DEPRECATION WARNING: `#deliver` is deprecated and will be removed in Rails 5. Use `#deliver_now` to deliver immediately or `#deliver_later` to deliver through Active Job. (called from call at /home/zaphod/.rvm/rubies/ruby-2.2.0/lib/ruby/2.2.0/rake/task.rb:240)
  Rendered /home/zaphod/.rvm/gems/ruby-2.2.0/gems/casein-5.1.1.5/app/views/casein/casein_notification/new_user_information.erb (1.0ms)

Casein::CaseinNotification#new_user_information: processed outbound mail in 126.6ms

Sent mail to whitep@vcu.edu (15.9ms)
Date: Thu, 04 Jun 2015 16:56:38 -0400
From: donotreply@caseincms.com
To: whitep@vcu.edu
Message-ID: <5570bb8632fba_676dd519985095d@bahamut.mail>
Subject: [Casein] New user account
Mime-Version: 1.0
Content-Type: text/html;
 charset=UTF-8
Content-Transfer-Encoding: 7bit

Dear Admin,<br />
<br />
A new user account has been created for you at:<br />
<br />
http://0.0.0.0:3000/casein<br />
<br />
Username: admin<br />
Password: 1669bfc77716af031456fc346fdd45d4<br />
<br />
From<br />
<br />
Casein
  [1m[36m (120.0ms)[0m  [1mcommit transaction[0m
  [1m[36m (0.1ms)[0m  [1mbegin transaction[0m
  [1m[35mCasein::AdminUser Exists (0.1ms)[0m  SELECT  1 AS one FROM "casein_admin_users" WHERE LOWER("casein_admin_users"."login") = LOWER('admin') LIMIT 1
  [1m[36mCasein::AdminUser Exists (0.0ms)[0m  [1mSELECT  1 AS one FROM "casein_admin_users" WHERE "casein_admin_users"."persistence_token" = '5deea298ffff766db76bf0d20be512293260e01e0e8f6287d282dfd3c0c295c1ea711ba9f0b13d43911245829e8e687198b07536aae949a2e1680509fd82c5c0' LIMIT 1[0m
  [1m[35mCasein::AdminUser Exists (0.0ms)[0m  SELECT  1 AS one FROM "casein_admin_users" WHERE "casein_admin_users"."single_access_token" = 'qMfBZ4Icy58GPOEuo5L' LIMIT 1
  [1m[36mCasein::AdminUser Exists (0.0ms)[0m  [1mSELECT  1 AS one FROM "casein_admin_users" WHERE "casein_admin_users"."login" = 'admin' LIMIT 1[0m
  [1m[35m (0.0ms)[0m  rollback transaction
  [1m[36m (0.1ms)[0m  [1mSELECT COUNT(*) FROM "casein_admin_users"[0m
  [1m[35mCasein::AdminUser Load (0.1ms)[0m  SELECT "casein_admin_users".* FROM "casein_admin_users"
  [1m[36m (0.1ms)[0m  [1mbegin transaction[0m
  [1m[35mSQL (0.2ms)[0m  DELETE FROM "casein_admin_users" WHERE "casein_admin_users"."id" = ?  [["id", 1]]
  [1m[36m (99.6ms)[0m  [1mcommit transaction[0m
  [1m[36m (0.1ms)[0m  [1mbegin transaction[0m
  [1m[35mCasein::AdminUser Exists (0.1ms)[0m  SELECT  1 AS one FROM "casein_admin_users" WHERE LOWER("casein_admin_users"."login") = LOWER('admin') LIMIT 1
  [1m[36mCasein::AdminUser Exists (0.0ms)[0m  [1mSELECT  1 AS one FROM "casein_admin_users" WHERE "casein_admin_users"."persistence_token" = 'f911ad77fdf13ac9c35b0a19cac95f1859692733eeb8e416258dd050cb1d3cfd6550e71b70c5a90c5a7e2119bc70db032d0c8bd18c55c51d9f2c7d50f23b408e' LIMIT 1[0m
  [1m[35mCasein::AdminUser Exists (0.0ms)[0m  SELECT  1 AS one FROM "casein_admin_users" WHERE "casein_admin_users"."single_access_token" = 'LTnPx9LwJvdHoyCkC8OP' LIMIT 1
  [1m[36mCasein::AdminUser Exists (0.0ms)[0m  [1mSELECT  1 AS one FROM "casein_admin_users" WHERE "casein_admin_users"."login" = 'admin' LIMIT 1[0m
  [1m[35mSQL (0.2ms)[0m  INSERT INTO "casein_admin_users" ("login", "name", "email", "password_salt", "crypted_password", "persistence_token", "single_access_token", "time_zone", "perishable_token", "created_at", "updated_at") VALUES (?, ?, ?, ?, ?, ?, ?, ?, ?, ?, ?)  [["login", "admin"], ["name", "Admin"], ["email", "whitep@vcu.edu"], ["password_salt", "mR4nCrFPzOzg7oRsS"], ["crypted_password", "400$8$61$5b433d8ef3121a5f$bef5dde539621c283806d91af492267c28cfaedd19c0d03710e718591774eadb"], ["persistence_token", "f911ad77fdf13ac9c35b0a19cac95f1859692733eeb8e416258dd050cb1d3cfd6550e71b70c5a90c5a7e2119bc70db032d0c8bd18c55c51d9f2c7d50f23b408e"], ["single_access_token", "LTnPx9LwJvdHoyCkC8OP"], ["time_zone", "UTC"], ["perishable_token", "nlVWqtIkYjs1gYQTwyvE"], ["created_at", "2015-06-04 20:57:38.226597"], ["updated_at", "2015-06-04 20:57:38.226597"]]
DEPRECATION WARNING: `#deliver` is deprecated and will be removed in Rails 5. Use `#deliver_now` to deliver immediately or `#deliver_later` to deliver through Active Job. (called from call at /home/zaphod/.rvm/rubies/ruby-2.2.0/lib/ruby/2.2.0/rake/task.rb:240)
  Rendered /home/zaphod/.rvm/gems/ruby-2.2.0/gems/casein-5.1.1.5/app/views/casein/casein_notification/new_user_information.erb (0.6ms)

Casein::CaseinNotification#new_user_information: processed outbound mail in 81.2ms

Sent mail to whitep@vcu.edu (3.8ms)
Date: Thu, 04 Jun 2015 16:57:38 -0400
From: donotreply@caseincms.com
To: whitep@vcu.edu
Message-ID: <5570bbc24cd11_677bbff98c4977e@bahamut.mail>
Subject: [Casein] New user account
Mime-Version: 1.0
Content-Type: text/html;
 charset=UTF-8
Content-Transfer-Encoding: 7bit

Dear Admin,<br />
<br />
A new user account has been created for you at:<br />
<br />
http://0.0.0.0:3000/casein<br />
<br />
Username: admin<br />
Password: roll4Crit<br />
<br />
From<br />
<br />
Casein
  [1m[36m (115.4ms)[0m  [1mcommit transaction[0m


Started GET "/" for 127.0.0.1 at 2015-06-04 17:02:06 -0400
  [1m[36mActiveRecord::SchemaMigration Load (0.1ms)[0m  [1mSELECT "schema_migrations".* FROM "schema_migrations"[0m
Processing by Rails::WelcomeController#index as HTML
  Rendered /home/zaphod/.rvm/gems/ruby-2.2.0/gems/railties-4.2.1/lib/rails/templates/rails/welcome/index.html.erb (2.5ms)
Completed 200 OK in 23ms (Views: 12.3ms | ActiveRecord: 0.0ms)


Started GET "/casein" for 127.0.0.1 at 2015-06-04 17:03:03 -0400
Processing by Casein::CaseinController#index as HTML
Redirected to http://localhost:3000/casein/admin_user_session/new
Filter chain halted as :authorise rendered or redirected
Completed 302 Found in 32ms (ActiveRecord: 0.4ms)


Started GET "/casein/admin_user_session/new" for 127.0.0.1 at 2015-06-04 17:03:03 -0400
Processing by Casein::AdminUserSessionsController#new as HTML
  Rendered /home/zaphod/.rvm/gems/ruby-2.2.0/gems/casein-5.1.1.5/app/views/casein/admin_user_sessions/new.html.erb within layouts/casein_auth (231.1ms)
DEPRECATION WARNING: Extra .css in SCSS file is unnecessary. Rename /home/zaphod/.rvm/gems/ruby-2.2.0/gems/casein-5.1.1.5/app/assets/stylesheets/casein/casein-bootstrap-overrides.css.scss to /home/zaphod/.rvm/gems/ruby-2.2.0/gems/casein-5.1.1.5/app/assets/stylesheets/casein/casein-bootstrap-overrides.scss. (called from render at /home/zaphod/.rvm/gems/ruby-2.2.0@global/gems/tilt-1.4.1/lib/tilt/template.rb:103)
DEPRECATION WARNING: Extra .css in SCSS file is unnecessary. Rename /home/zaphod/.rvm/gems/ruby-2.2.0/gems/casein-5.1.1.5/app/assets/stylesheets/casein/casein-bootstrap-overrides.css.scss to /home/zaphod/.rvm/gems/ruby-2.2.0/gems/casein-5.1.1.5/app/assets/stylesheets/casein/casein-bootstrap-overrides.scss. (called from render at /home/zaphod/.rvm/gems/ruby-2.2.0@global/gems/tilt-1.4.1/lib/tilt/template.rb:103)
Completed 200 OK in 2260ms (Views: 2258.9ms | ActiveRecord: 0.0ms)


Started GET "/assets/casein/login.self-dfc5461fd671e9f27deeedba4786dd558dc970d4dd0dc45227cfc82fd7cb5997.css?body=1" for 127.0.0.1 at 2015-06-04 17:03:05 -0400


Started GET "/assets/jquery.self-d03a5518f45df77341bdbe6201ba3bfa547ebba8ed64f0ea56bfa5f96ea7c074.js?body=1" for 127.0.0.1 at 2015-06-04 17:03:05 -0400


Started GET "/assets/jquery_ujs.self-8e98a7a072a6cee1372d19fff9ff3e6aa1e39a37d89d6f06861637d061113ee7.js?body=1" for 127.0.0.1 at 2015-06-04 17:03:05 -0400


Started GET "/assets/bootstrap.self-e5f04e1a4d121273a314196210515f27b377d2d34a7e56e9348a0170962b72c4.js?body=1" for 127.0.0.1 at 2015-06-04 17:03:05 -0400


Started GET "/assets/casein/casein.self-b2f4c2f682f5dc20e8dc1e1af3930fa41f1796cb897c5f3d9788d6445d8efa86.js?body=1" for 127.0.0.1 at 2015-06-04 17:03:05 -0400


Started GET "/assets/casein/casein-da98950e65d5a2d09b5702055eb041ffe9fb3a4424c08b065e9fb62ce313dcd9.png" for 127.0.0.1 at 2015-06-04 17:03:05 -0400


Started GET "/casein/admin" for 127.0.0.1 at 2015-06-04 17:03:16 -0400

ActionController::RoutingError (No route matches [GET] "/casein/admin"):
  actionpack (4.2.1) lib/action_dispatch/middleware/debug_exceptions.rb:21:in `call'
  web-console (2.1.2) lib/web_console/middleware.rb:37:in `call'
  actionpack (4.2.1) lib/action_dispatch/middleware/show_exceptions.rb:30:in `call'
  railties (4.2.1) lib/rails/rack/logger.rb:38:in `call_app'
  railties (4.2.1) lib/rails/rack/logger.rb:20:in `block in call'
  activesupport (4.2.1) lib/active_support/tagged_logging.rb:68:in `block in tagged'
  activesupport (4.2.1) lib/active_support/tagged_logging.rb:26:in `tagged'
  activesupport (4.2.1) lib/active_support/tagged_logging.rb:68:in `tagged'
  railties (4.2.1) lib/rails/rack/logger.rb:20:in `call'
  request_store (1.1.0) lib/request_store/middleware.rb:8:in `call'
  actionpack (4.2.1) lib/action_dispatch/middleware/request_id.rb:21:in `call'
  rack (1.6.1) lib/rack/methodoverride.rb:22:in `call'
  rack (1.6.1) lib/rack/runtime.rb:18:in `call'
  activesupport (4.2.1) lib/active_support/cache/strategy/local_cache_middleware.rb:28:in `call'
  rack (1.6.1) lib/rack/lock.rb:17:in `call'
  actionpack (4.2.1) lib/action_dispatch/middleware/static.rb:113:in `call'
  rack (1.6.1) lib/rack/sendfile.rb:113:in `call'
  railties (4.2.1) lib/rails/engine.rb:518:in `call'
  railties (4.2.1) lib/rails/application.rb:164:in `call'
  rack (1.6.1) lib/rack/content_length.rb:15:in `call'
  unicorn (4.9.0) lib/unicorn/http_server.rb:580:in `process_client'
  unicorn (4.9.0) lib/unicorn/http_server.rb:674:in `worker_loop'
  unicorn (4.9.0) lib/unicorn/http_server.rb:529:in `spawn_missing_workers'
  unicorn (4.9.0) lib/unicorn/http_server.rb:140:in `start'
  unicorn-rails (2.2.0) lib/unicorn_rails.rb:33:in `run'
  rack (1.6.1) lib/rack/server.rb:286:in `start'
  railties (4.2.1) lib/rails/commands/server.rb:80:in `start'
  railties (4.2.1) lib/rails/commands/commands_tasks.rb:80:in `block in server'
  railties (4.2.1) lib/rails/commands/commands_tasks.rb:75:in `tap'
  railties (4.2.1) lib/rails/commands/commands_tasks.rb:75:in `server'
  railties (4.2.1) lib/rails/commands/commands_tasks.rb:39:in `run_command!'
  railties (4.2.1) lib/rails/commands.rb:17:in `<top (required)>'
  bin/rails:8:in `require'
  bin/rails:8:in `<top (required)>'
  spring (1.3.6) lib/spring/client/rails.rb:28:in `load'
  spring (1.3.6) lib/spring/client/rails.rb:28:in `call'
  spring (1.3.6) lib/spring/client/command.rb:7:in `call'
  spring (1.3.6) lib/spring/client.rb:26:in `run'
  spring (1.3.6) bin/spring:48:in `<top (required)>'
  spring (1.3.6) lib/spring/binstub.rb:11:in `load'
  spring (1.3.6) lib/spring/binstub.rb:11:in `<top (required)>'
  /home/zaphod/.rvm/rubies/ruby-2.2.0/lib/ruby/site_ruby/2.2.0/rubygems/core_ext/kernel_require.rb:54:in `require'
  /home/zaphod/.rvm/rubies/ruby-2.2.0/lib/ruby/site_ruby/2.2.0/rubygems/core_ext/kernel_require.rb:54:in `require'
  bin/spring:13:in `<top (required)>'
  bin/rails:3:in `load'
  bin/rails:3:in `<main>'


  Rendered /home/zaphod/.rvm/gems/ruby-2.2.0/gems/actionpack-4.2.1/lib/action_dispatch/middleware/templates/rescues/_trace.html.erb (0.8ms)
  Rendered /home/zaphod/.rvm/gems/ruby-2.2.0/gems/actionpack-4.2.1/lib/action_dispatch/middleware/templates/routes/_route.html.erb (0.7ms)
  Rendered /home/zaphod/.rvm/gems/ruby-2.2.0/gems/actionpack-4.2.1/lib/action_dispatch/middleware/templates/routes/_table.html.erb (4.7ms)
  Rendered /home/zaphod/.rvm/gems/ruby-2.2.0/gems/actionpack-4.2.1/lib/action_dispatch/middleware/templates/rescues/_request_and_response.html.erb (0.9ms)
  Rendered /home/zaphod/.rvm/gems/ruby-2.2.0/gems/actionpack-4.2.1/lib/action_dispatch/middleware/templates/rescues/routing_error.html.erb within rescues/layout (38.4ms)
  Rendered /home/zaphod/.rvm/gems/ruby-2.2.0/gems/web-console-2.1.2/lib/web_console/templates/_markup.html.erb (0.2ms)
  Rendered /home/zaphod/.rvm/gems/ruby-2.2.0/gems/web-console-2.1.2/lib/web_console/templates/style.css.erb within layouts/inlined_string (0.1ms)
  Rendered /home/zaphod/.rvm/gems/ruby-2.2.0/gems/web-console-2.1.2/lib/web_console/templates/_inner_console_markup.html.erb within layouts/inlined_string (0.2ms)
  Rendered /home/zaphod/.rvm/gems/ruby-2.2.0/gems/web-console-2.1.2/lib/web_console/templates/_prompt_box_markup.html.erb within layouts/inlined_string (0.2ms)
  Rendered /home/zaphod/.rvm/gems/ruby-2.2.0/gems/web-console-2.1.2/lib/web_console/templates/console.js.erb within layouts/javascript (12.6ms)
  Rendered /home/zaphod/.rvm/gems/ruby-2.2.0/gems/web-console-2.1.2/lib/web_console/templates/main.js.erb within layouts/javascript (0.1ms)
  Rendered /home/zaphod/.rvm/gems/ruby-2.2.0/gems/web-console-2.1.2/lib/web_console/templates/error_page.js.erb within layouts/javascript (0.2ms)
  Rendered /home/zaphod/.rvm/gems/ruby-2.2.0/gems/web-console-2.1.2/lib/web_console/templates/index.html.erb (28.5ms)


Started GET "/casein" for 127.0.0.1 at 2015-06-04 17:03:22 -0400
Processing by Casein::CaseinController#index as HTML
Redirected to http://localhost:3000/casein/admin_user_session/new
Filter chain halted as :authorise rendered or redirected
Completed 302 Found in 1ms (ActiveRecord: 0.0ms)


Started GET "/casein/admin_user_session/new" for 127.0.0.1 at 2015-06-04 17:03:22 -0400
Processing by Casein::AdminUserSessionsController#new as HTML
  Rendered /home/zaphod/.rvm/gems/ruby-2.2.0/gems/casein-5.1.1.5/app/views/casein/admin_user_sessions/new.html.erb within layouts/casein_auth (0.8ms)
Completed 200 OK in 29ms (Views: 28.4ms | ActiveRecord: 0.0ms)


Started POST "/casein/admin_user_session" for 127.0.0.1 at 2015-06-04 17:03:29 -0400
Processing by Casein::AdminUserSessionsController#create as HTML
  Parameters: {"utf8"=>"✓", "authenticity_token"=>"RLD9nOfE0dY9aonsrKwPm8Q7/98ML8qhQR6ZLMBu1oWHf20LtNTh845NBgNYzb1LFv74FugN1osfaqvhK9DLgA==", "casein_admin_user_session"=>{"login"=>"admin", "password"=>"[FILTERED]", "remember_me"=>"0"}, "commit"=>"Sign in"}
  [1m[35mCasein::AdminUser Load (0.2ms)[0m  SELECT  "casein_admin_users".* FROM "casein_admin_users" WHERE LOWER("casein_admin_users"."login") = LOWER('admin')  ORDER BY "casein_admin_users"."id" ASC LIMIT 1
  [1m[36m (0.1ms)[0m  [1mbegin transaction[0m
  [1m[35mSQL (0.3ms)[0m  UPDATE "casein_admin_users" SET "login_count" = ?, "current_login_at" = ?, "current_login_ip" = ?, "last_request_at" = ?, "perishable_token" = ?, "updated_at" = ? WHERE "casein_admin_users"."id" = ?  [["login_count", 1], ["current_login_at", "2015-06-04 21:03:29.202614"], ["current_login_ip", "127.0.0.1"], ["last_request_at", "2015-06-04 21:03:29.202802"], ["perishable_token", "0TvVy5B4IUQTepCxFkDC"], ["updated_at", "2015-06-04 21:03:29.203561"], ["id", 2]]
  [1m[36m (126.3ms)[0m  [1mcommit transaction[0m
Redirected to http://localhost:3000/casein
Completed 302 Found in 309ms (ActiveRecord: 126.8ms)


Started GET "/casein" for 127.0.0.1 at 2015-06-04 17:03:29 -0400
Processing by Casein::CaseinController#index as HTML
  [1m[35mCasein::AdminUser Load (0.2ms)[0m  SELECT  "casein_admin_users".* FROM "casein_admin_users" WHERE "casein_admin_users"."id" = ? LIMIT 1  [["id", 2]]
  [1m[36m (0.0ms)[0m  [1mbegin transaction[0m
  [1m[35mSQL (0.2ms)[0m  UPDATE "casein_admin_users" SET "last_request_at" = ?, "perishable_token" = ?, "updated_at" = ? WHERE "casein_admin_users"."id" = ?  [["last_request_at", "2015-06-04 21:03:29.361870"], ["perishable_token", "g5eJxQysnEounNvvCof8"], ["updated_at", "2015-06-04 21:03:29.362228"], ["id", 2]]
  [1m[36m (117.6ms)[0m  [1mcommit transaction[0m
Redirected to http://localhost:3000/casein/blank
Completed 302 Found in 121ms (ActiveRecord: 117.9ms)


Started GET "/casein/blank" for 127.0.0.1 at 2015-06-04 17:03:29 -0400
Processing by Casein::CaseinController#blank as HTML
  [1m[35mCasein::AdminUser Load (0.1ms)[0m  SELECT  "casein_admin_users".* FROM "casein_admin_users" WHERE "casein_admin_users"."id" = ? LIMIT 1  [["id", 2]]
  [1m[36m (0.0ms)[0m  [1mbegin transaction[0m
  [1m[35mSQL (0.1ms)[0m  UPDATE "casein_admin_users" SET "last_request_at" = ?, "perishable_token" = ?, "updated_at" = ? WHERE "casein_admin_users"."id" = ?  [["last_request_at", "2015-06-04 21:03:29.487064"], ["perishable_token", "RcV7jGlVhNPTumYwrws9"], ["updated_at", "2015-06-04 21:03:29.487438"], ["id", 2]]
  [1m[36m (326.8ms)[0m  [1mcommit transaction[0m
  Rendered /home/zaphod/.rvm/gems/ruby-2.2.0/gems/casein-5.1.1.5/app/views/casein/casein/blank.html.erb within layouts/casein_main (0.2ms)
DEPRECATION WARNING: Extra .css in SCSS file is unnecessary. Rename /home/zaphod/.rvm/gems/ruby-2.2.0/gems/casein-5.1.1.5/app/assets/stylesheets/casein/casein-bootstrap-overrides.css.scss to /home/zaphod/.rvm/gems/ruby-2.2.0/gems/casein-5.1.1.5/app/assets/stylesheets/casein/casein-bootstrap-overrides.scss. (called from render at /home/zaphod/.rvm/gems/ruby-2.2.0@global/gems/tilt-1.4.1/lib/tilt/template.rb:103)
DEPRECATION WARNING: Extra .css in SCSS file is unnecessary. Rename /home/zaphod/.rvm/gems/ruby-2.2.0/gems/casein-5.1.1.5/app/assets/stylesheets/casein/casein-bootstrap-overrides.css.scss to /home/zaphod/.rvm/gems/ruby-2.2.0/gems/casein-5.1.1.5/app/assets/stylesheets/casein/casein-bootstrap-overrides.scss. (called from render at /home/zaphod/.rvm/gems/ruby-2.2.0@global/gems/tilt-1.4.1/lib/tilt/template.rb:103)
  Rendered casein/layouts/_top_navigation.html.erb (0.6ms)
  Rendered casein/layouts/_tab_navigation.html.erb (0.1ms)
Completed 200 OK in 1293ms (Views: 963.3ms | ActiveRecord: 327.1ms)


Started GET "/assets/casein/casein.self-395127e1c359efe0b7eaf6ffad15cc196a686f6587bb1e69dfde6678ef058998.css?body=1" for 127.0.0.1 at 2015-06-04 17:03:30 -0400


Started GET "/assets/casein/custom.self-552318e16d76c33689d60be9fe1bb40aefeefa33895ee72dd2f19bc37a8ed7d1.css?body=1" for 127.0.0.1 at 2015-06-04 17:03:30 -0400


Started GET "/assets/casein/custom.self-efeca08c6fe59142430d3b3b43032a45acd8c04e4db78c3d3d556f19097d9086.js?body=1" for 127.0.0.1 at 2015-06-04 17:03:30 -0400


Started GET "/" for 127.0.0.1 at 2015-06-04 17:13:08 -0400
  [1m[36mActiveRecord::SchemaMigration Load (0.1ms)[0m  [1mSELECT "schema_migrations".* FROM "schema_migrations"[0m

ActiveRecord::PendingMigrationError (

Migrations are pending. To resolve this issue, run:

	bin/rake db:migrate RAILS_ENV=development

):
  activerecord (4.2.1) lib/active_record/migration.rb:393:in `check_pending!'
  activerecord (4.2.1) lib/active_record/migration.rb:374:in `call'
  actionpack (4.2.1) lib/action_dispatch/middleware/callbacks.rb:29:in `block in call'
  activesupport (4.2.1) lib/active_support/callbacks.rb:88:in `call'
  activesupport (4.2.1) lib/active_support/callbacks.rb:88:in `_run_callbacks'
  activesupport (4.2.1) lib/active_support/callbacks.rb:776:in `_run_call_callbacks'
  activesupport (4.2.1) lib/active_support/callbacks.rb:81:in `run_callbacks'
  actionpack (4.2.1) lib/action_dispatch/middleware/callbacks.rb:27:in `call'
  actionpack (4.2.1) lib/action_dispatch/middleware/reloader.rb:73:in `call'
  actionpack (4.2.1) lib/action_dispatch/middleware/remote_ip.rb:78:in `call'
  actionpack (4.2.1) lib/action_dispatch/middleware/debug_exceptions.rb:17:in `call'
  web-console (2.1.2) lib/web_console/middleware.rb:37:in `call'
  actionpack (4.2.1) lib/action_dispatch/middleware/show_exceptions.rb:30:in `call'
  railties (4.2.1) lib/rails/rack/logger.rb:38:in `call_app'
  railties (4.2.1) lib/rails/rack/logger.rb:20:in `block in call'
  activesupport (4.2.1) lib/active_support/tagged_logging.rb:68:in `block in tagged'
  activesupport (4.2.1) lib/active_support/tagged_logging.rb:26:in `tagged'
  activesupport (4.2.1) lib/active_support/tagged_logging.rb:68:in `tagged'
  railties (4.2.1) lib/rails/rack/logger.rb:20:in `call'
  request_store (1.1.0) lib/request_store/middleware.rb:8:in `call'
  actionpack (4.2.1) lib/action_dispatch/middleware/request_id.rb:21:in `call'
  rack (1.6.1) lib/rack/methodoverride.rb:22:in `call'
  rack (1.6.1) lib/rack/runtime.rb:18:in `call'
  activesupport (4.2.1) lib/active_support/cache/strategy/local_cache_middleware.rb:28:in `call'
  rack (1.6.1) lib/rack/lock.rb:17:in `call'
  actionpack (4.2.1) lib/action_dispatch/middleware/static.rb:113:in `call'
  rack (1.6.1) lib/rack/sendfile.rb:113:in `call'
  railties (4.2.1) lib/rails/engine.rb:518:in `call'
  railties (4.2.1) lib/rails/application.rb:164:in `call'
  rack (1.6.1) lib/rack/content_length.rb:15:in `call'
  unicorn (4.9.0) lib/unicorn/http_server.rb:580:in `process_client'
  unicorn (4.9.0) lib/unicorn/http_server.rb:674:in `worker_loop'
  unicorn (4.9.0) lib/unicorn/http_server.rb:529:in `spawn_missing_workers'
  unicorn (4.9.0) lib/unicorn/http_server.rb:140:in `start'
  unicorn-rails (2.2.0) lib/unicorn_rails.rb:33:in `run'
  rack (1.6.1) lib/rack/server.rb:286:in `start'
  railties (4.2.1) lib/rails/commands/server.rb:80:in `start'
  railties (4.2.1) lib/rails/commands/commands_tasks.rb:80:in `block in server'
  railties (4.2.1) lib/rails/commands/commands_tasks.rb:75:in `tap'
  railties (4.2.1) lib/rails/commands/commands_tasks.rb:75:in `server'
  railties (4.2.1) lib/rails/commands/commands_tasks.rb:39:in `run_command!'
  railties (4.2.1) lib/rails/commands.rb:17:in `<top (required)>'
  bin/rails:8:in `require'
  bin/rails:8:in `<top (required)>'
  spring (1.3.6) lib/spring/client/rails.rb:28:in `load'
  spring (1.3.6) lib/spring/client/rails.rb:28:in `call'
  spring (1.3.6) lib/spring/client/command.rb:7:in `call'
  spring (1.3.6) lib/spring/client.rb:26:in `run'
  spring (1.3.6) bin/spring:48:in `<top (required)>'
  spring (1.3.6) lib/spring/binstub.rb:11:in `load'
  spring (1.3.6) lib/spring/binstub.rb:11:in `<top (required)>'
  /home/zaphod/.rvm/rubies/ruby-2.2.0/lib/ruby/site_ruby/2.2.0/rubygems/core_ext/kernel_require.rb:54:in `require'
  /home/zaphod/.rvm/rubies/ruby-2.2.0/lib/ruby/site_ruby/2.2.0/rubygems/core_ext/kernel_require.rb:54:in `require'
  bin/spring:13:in `<top (required)>'
  bin/rails:3:in `load'
  bin/rails:3:in `<main>'


  Rendered /home/zaphod/.rvm/gems/ruby-2.2.0/gems/actionpack-4.2.1/lib/action_dispatch/middleware/templates/rescues/_source.erb (2.6ms)
  Rendered /home/zaphod/.rvm/gems/ruby-2.2.0/gems/actionpack-4.2.1/lib/action_dispatch/middleware/templates/rescues/_trace.html.erb (1.2ms)
  Rendered /home/zaphod/.rvm/gems/ruby-2.2.0/gems/actionpack-4.2.1/lib/action_dispatch/middleware/templates/rescues/_request_and_response.html.erb (0.6ms)
  Rendered /home/zaphod/.rvm/gems/ruby-2.2.0/gems/actionpack-4.2.1/lib/action_dispatch/middleware/templates/rescues/diagnostics.html.erb within rescues/layout (14.0ms)
  Rendered /home/zaphod/.rvm/gems/ruby-2.2.0/gems/web-console-2.1.2/lib/web_console/templates/_markup.html.erb (0.2ms)
  Rendered /home/zaphod/.rvm/gems/ruby-2.2.0/gems/web-console-2.1.2/lib/web_console/templates/style.css.erb within layouts/inlined_string (0.2ms)
  Rendered /home/zaphod/.rvm/gems/ruby-2.2.0/gems/web-console-2.1.2/lib/web_console/templates/_inner_console_markup.html.erb within layouts/inlined_string (0.1ms)
  Rendered /home/zaphod/.rvm/gems/ruby-2.2.0/gems/web-console-2.1.2/lib/web_console/templates/_prompt_box_markup.html.erb within layouts/inlined_string (0.2ms)
  Rendered /home/zaphod/.rvm/gems/ruby-2.2.0/gems/web-console-2.1.2/lib/web_console/templates/console.js.erb within layouts/javascript (8.6ms)
  Rendered /home/zaphod/.rvm/gems/ruby-2.2.0/gems/web-console-2.1.2/lib/web_console/templates/main.js.erb within layouts/javascript (0.2ms)
  Rendered /home/zaphod/.rvm/gems/ruby-2.2.0/gems/web-console-2.1.2/lib/web_console/templates/error_page.js.erb within layouts/javascript (0.2ms)
  Rendered /home/zaphod/.rvm/gems/ruby-2.2.0/gems/web-console-2.1.2/lib/web_console/templates/index.html.erb (19.3ms)


Started GET "/casein" for 127.0.0.1 at 2015-06-04 17:13:16 -0400
  [1m[35mActiveRecord::SchemaMigration Load (0.1ms)[0m  SELECT "schema_migrations".* FROM "schema_migrations"

ActiveRecord::PendingMigrationError (

Migrations are pending. To resolve this issue, run:

	bin/rake db:migrate RAILS_ENV=development

):
  activerecord (4.2.1) lib/active_record/migration.rb:393:in `check_pending!'
  activerecord (4.2.1) lib/active_record/migration.rb:374:in `call'
  actionpack (4.2.1) lib/action_dispatch/middleware/callbacks.rb:29:in `block in call'
  activesupport (4.2.1) lib/active_support/callbacks.rb:88:in `call'
  activesupport (4.2.1) lib/active_support/callbacks.rb:88:in `_run_callbacks'
  activesupport (4.2.1) lib/active_support/callbacks.rb:776:in `_run_call_callbacks'
  activesupport (4.2.1) lib/active_support/callbacks.rb:81:in `run_callbacks'
  actionpack (4.2.1) lib/action_dispatch/middleware/callbacks.rb:27:in `call'
  actionpack (4.2.1) lib/action_dispatch/middleware/reloader.rb:73:in `call'
  actionpack (4.2.1) lib/action_dispatch/middleware/remote_ip.rb:78:in `call'
  actionpack (4.2.1) lib/action_dispatch/middleware/debug_exceptions.rb:17:in `call'
  web-console (2.1.2) lib/web_console/middleware.rb:37:in `call'
  actionpack (4.2.1) lib/action_dispatch/middleware/show_exceptions.rb:30:in `call'
  railties (4.2.1) lib/rails/rack/logger.rb:38:in `call_app'
  railties (4.2.1) lib/rails/rack/logger.rb:20:in `block in call'
  activesupport (4.2.1) lib/active_support/tagged_logging.rb:68:in `block in tagged'
  activesupport (4.2.1) lib/active_support/tagged_logging.rb:26:in `tagged'
  activesupport (4.2.1) lib/active_support/tagged_logging.rb:68:in `tagged'
  railties (4.2.1) lib/rails/rack/logger.rb:20:in `call'
  request_store (1.1.0) lib/request_store/middleware.rb:8:in `call'
  actionpack (4.2.1) lib/action_dispatch/middleware/request_id.rb:21:in `call'
  rack (1.6.1) lib/rack/methodoverride.rb:22:in `call'
  rack (1.6.1) lib/rack/runtime.rb:18:in `call'
  activesupport (4.2.1) lib/active_support/cache/strategy/local_cache_middleware.rb:28:in `call'
  rack (1.6.1) lib/rack/lock.rb:17:in `call'
  actionpack (4.2.1) lib/action_dispatch/middleware/static.rb:113:in `call'
  rack (1.6.1) lib/rack/sendfile.rb:113:in `call'
  railties (4.2.1) lib/rails/engine.rb:518:in `call'
  railties (4.2.1) lib/rails/application.rb:164:in `call'
  rack (1.6.1) lib/rack/content_length.rb:15:in `call'
  unicorn (4.9.0) lib/unicorn/http_server.rb:580:in `process_client'
  unicorn (4.9.0) lib/unicorn/http_server.rb:674:in `worker_loop'
  unicorn (4.9.0) lib/unicorn/http_server.rb:529:in `spawn_missing_workers'
  unicorn (4.9.0) lib/unicorn/http_server.rb:140:in `start'
  unicorn-rails (2.2.0) lib/unicorn_rails.rb:33:in `run'
  rack (1.6.1) lib/rack/server.rb:286:in `start'
  railties (4.2.1) lib/rails/commands/server.rb:80:in `start'
  railties (4.2.1) lib/rails/commands/commands_tasks.rb:80:in `block in server'
  railties (4.2.1) lib/rails/commands/commands_tasks.rb:75:in `tap'
  railties (4.2.1) lib/rails/commands/commands_tasks.rb:75:in `server'
  railties (4.2.1) lib/rails/commands/commands_tasks.rb:39:in `run_command!'
  railties (4.2.1) lib/rails/commands.rb:17:in `<top (required)>'
  bin/rails:8:in `require'
  bin/rails:8:in `<top (required)>'
  spring (1.3.6) lib/spring/client/rails.rb:28:in `load'
  spring (1.3.6) lib/spring/client/rails.rb:28:in `call'
  spring (1.3.6) lib/spring/client/command.rb:7:in `call'
  spring (1.3.6) lib/spring/client.rb:26:in `run'
  spring (1.3.6) bin/spring:48:in `<top (required)>'
  spring (1.3.6) lib/spring/binstub.rb:11:in `load'
  spring (1.3.6) lib/spring/binstub.rb:11:in `<top (required)>'
  /home/zaphod/.rvm/rubies/ruby-2.2.0/lib/ruby/site_ruby/2.2.0/rubygems/core_ext/kernel_require.rb:54:in `require'
  /home/zaphod/.rvm/rubies/ruby-2.2.0/lib/ruby/site_ruby/2.2.0/rubygems/core_ext/kernel_require.rb:54:in `require'
  bin/spring:13:in `<top (required)>'
  bin/rails:3:in `load'
  bin/rails:3:in `<main>'


  Rendered /home/zaphod/.rvm/gems/ruby-2.2.0/gems/actionpack-4.2.1/lib/action_dispatch/middleware/templates/rescues/_source.erb (2.0ms)
  Rendered /home/zaphod/.rvm/gems/ruby-2.2.0/gems/actionpack-4.2.1/lib/action_dispatch/middleware/templates/rescues/_trace.html.erb (1.1ms)
  Rendered /home/zaphod/.rvm/gems/ruby-2.2.0/gems/actionpack-4.2.1/lib/action_dispatch/middleware/templates/rescues/_request_and_response.html.erb (0.5ms)
  Rendered /home/zaphod/.rvm/gems/ruby-2.2.0/gems/actionpack-4.2.1/lib/action_dispatch/middleware/templates/rescues/diagnostics.html.erb within rescues/layout (11.3ms)
  Rendered /home/zaphod/.rvm/gems/ruby-2.2.0/gems/web-console-2.1.2/lib/web_console/templates/_markup.html.erb (0.2ms)
  Rendered /home/zaphod/.rvm/gems/ruby-2.2.0/gems/web-console-2.1.2/lib/web_console/templates/style.css.erb within layouts/inlined_string (0.2ms)
  Rendered /home/zaphod/.rvm/gems/ruby-2.2.0/gems/web-console-2.1.2/lib/web_console/templates/_inner_console_markup.html.erb within layouts/inlined_string (0.1ms)
  Rendered /home/zaphod/.rvm/gems/ruby-2.2.0/gems/web-console-2.1.2/lib/web_console/templates/_prompt_box_markup.html.erb within layouts/inlined_string (0.1ms)
  Rendered /home/zaphod/.rvm/gems/ruby-2.2.0/gems/web-console-2.1.2/lib/web_console/templates/console.js.erb within layouts/javascript (8.5ms)
  Rendered /home/zaphod/.rvm/gems/ruby-2.2.0/gems/web-console-2.1.2/lib/web_console/templates/main.js.erb within layouts/javascript (0.1ms)
  Rendered /home/zaphod/.rvm/gems/ruby-2.2.0/gems/web-console-2.1.2/lib/web_console/templates/error_page.js.erb within layouts/javascript (0.2ms)
  Rendered /home/zaphod/.rvm/gems/ruby-2.2.0/gems/web-console-2.1.2/lib/web_console/templates/index.html.erb (17.1ms)
  [1m[36mActiveRecord::SchemaMigration Load (0.1ms)[0m  [1mSELECT "schema_migrations".* FROM "schema_migrations"[0m
Migrating to CreatePosts (20150604210901)
  [1m[35m (0.0ms)[0m  begin transaction
DEPRECATION WARNING: `#timestamp` was called without specifying an option for `null`. In Rails 5, this behavior will change to `null: false`. You should manually specify `null: true` to prevent the behavior of your existing migrations from changing. (called from block in up at /home/zaphod/workspace/twentyeyes_web/db/migrate/20150604210901_create_posts.rb:11)
  [1m[36m (0.3ms)[0m  [1mCREATE TABLE "posts" ("id" INTEGER PRIMARY KEY AUTOINCREMENT NOT NULL, "title" varchar, "content" varchar, "current" boolean, "created_on" datetime, "date" date, "time" time, "created_at" datetime, "updated_at" datetime) [0m
  [1m[35mSQL (0.1ms)[0m  INSERT INTO "schema_migrations" ("version") VALUES (?)  [["version", "20150604210901"]]
  [1m[36m (110.3ms)[0m  [1mcommit transaction[0m
  [1m[35mActiveRecord::SchemaMigration Load (0.1ms)[0m  SELECT "schema_migrations".* FROM "schema_migrations"


Started GET "/" for 127.0.0.1 at 2015-06-04 17:13:32 -0400
  [1m[36mActiveRecord::SchemaMigration Load (0.1ms)[0m  [1mSELECT "schema_migrations".* FROM "schema_migrations"[0m
Processing by Rails::WelcomeController#index as HTML
  Rendered /home/zaphod/.rvm/gems/ruby-2.2.0/gems/railties-4.2.1/lib/rails/templates/rails/welcome/index.html.erb (0.4ms)
Completed 200 OK in 6ms (Views: 1.0ms | ActiveRecord: 0.0ms)


Started GET "/casein" for 127.0.0.1 at 2015-06-04 17:13:35 -0400
Processing by Casein::CaseinController#index as HTML
  [1m[35mCasein::AdminUser Load (0.2ms)[0m  SELECT  "casein_admin_users".* FROM "casein_admin_users" WHERE "casein_admin_users"."id" = ? LIMIT 1  [["id", 2]]
  [1m[36m (0.1ms)[0m  [1mbegin transaction[0m
  [1m[35mSQL (0.4ms)[0m  UPDATE "casein_admin_users" SET "last_request_at" = ?, "perishable_token" = ?, "updated_at" = ? WHERE "casein_admin_users"."id" = ?  [["last_request_at", "2015-06-04 21:13:35.415751"], ["perishable_token", "ZX0LxWdbOewOlwYiEaQ"], ["updated_at", "2015-06-04 21:13:35.416699"], ["id", 2]]
  [1m[36m (125.3ms)[0m  [1mcommit transaction[0m
Completed 500 Internal Server Error in 181ms (ActiveRecord: 126.3ms)

NameError (undefined local variable or method `casein_pages_path' for #<Casein::CaseinController:0x000000030ddf88>):
  app/helpers/casein/config_helper.rb:31:in `casein_config_dashboard_url'


  Rendered /home/zaphod/.rvm/gems/ruby-2.2.0/gems/actionpack-4.2.1/lib/action_dispatch/middleware/templates/rescues/_source.erb (3.6ms)
  Rendered /home/zaphod/.rvm/gems/ruby-2.2.0/gems/actionpack-4.2.1/lib/action_dispatch/middleware/templates/rescues/_trace.html.erb (1.8ms)
  Rendered /home/zaphod/.rvm/gems/ruby-2.2.0/gems/actionpack-4.2.1/lib/action_dispatch/middleware/templates/rescues/_request_and_response.html.erb (0.6ms)
  Rendered /home/zaphod/.rvm/gems/ruby-2.2.0/gems/actionpack-4.2.1/lib/action_dispatch/middleware/templates/rescues/diagnostics.html.erb within rescues/layout (15.8ms)
  Rendered /home/zaphod/.rvm/gems/ruby-2.2.0/gems/web-console-2.1.2/lib/web_console/templates/_markup.html.erb (0.2ms)
  Rendered /home/zaphod/.rvm/gems/ruby-2.2.0/gems/web-console-2.1.2/lib/web_console/templates/style.css.erb within layouts/inlined_string (0.2ms)
  Rendered /home/zaphod/.rvm/gems/ruby-2.2.0/gems/web-console-2.1.2/lib/web_console/templates/_inner_console_markup.html.erb within layouts/inlined_string (0.2ms)
  Rendered /home/zaphod/.rvm/gems/ruby-2.2.0/gems/web-console-2.1.2/lib/web_console/templates/_prompt_box_markup.html.erb within layouts/inlined_string (0.1ms)
  Rendered /home/zaphod/.rvm/gems/ruby-2.2.0/gems/web-console-2.1.2/lib/web_console/templates/console.js.erb within layouts/javascript (9.1ms)
  Rendered /home/zaphod/.rvm/gems/ruby-2.2.0/gems/web-console-2.1.2/lib/web_console/templates/main.js.erb within layouts/javascript (0.2ms)
  Rendered /home/zaphod/.rvm/gems/ruby-2.2.0/gems/web-console-2.1.2/lib/web_console/templates/error_page.js.erb within layouts/javascript (0.3ms)
  Rendered /home/zaphod/.rvm/gems/ruby-2.2.0/gems/web-console-2.1.2/lib/web_console/templates/index.html.erb (18.1ms)


Started GET "/" for 127.0.0.1 at 2015-06-04 17:16:50 -0400
  [1m[36mActiveRecord::SchemaMigration Load (0.1ms)[0m  [1mSELECT "schema_migrations".* FROM "schema_migrations"[0m
Processing by Rails::WelcomeController#index as HTML
  Rendered /home/zaphod/.rvm/gems/ruby-2.2.0/gems/railties-4.2.1/lib/rails/templates/rails/welcome/index.html.erb (1.0ms)
Completed 200 OK in 10ms (Views: 4.1ms | ActiveRecord: 0.0ms)


Started GET "/casein" for 127.0.0.1 at 2015-06-04 17:16:57 -0400
Processing by Casein::CaseinController#index as HTML
  [1m[35mCasein::AdminUser Load (0.2ms)[0m  SELECT  "casein_admin_users".* FROM "casein_admin_users" WHERE "casein_admin_users"."id" = ? LIMIT 1  [["id", 2]]
  [1m[36m (0.1ms)[0m  [1mbegin transaction[0m
  [1m[35mSQL (52.1ms)[0m  UPDATE "casein_admin_users" SET "last_request_at" = ?, "perishable_token" = ?, "updated_at" = ? WHERE "casein_admin_users"."id" = ?  [["last_request_at", "2015-06-04 21:16:57.767917"], ["perishable_token", "B67qbddKovd2sGj5mBH"], ["updated_at", "2015-06-04 21:16:57.768556"], ["id", 2]]
  [1m[36m (298.2ms)[0m  [1mcommit transaction[0m
Completed 500 Internal Server Error in 397ms (ActiveRecord: 350.9ms)

ActionController::UrlGenerationError (No route matches {:action=>"show", :controller=>"casein/posts"} missing required keys: [:id]):
  app/helpers/casein/config_helper.rb:31:in `casein_config_dashboard_url'


  Rendered /home/zaphod/.rvm/gems/ruby-2.2.0/gems/actionpack-4.2.1/lib/action_dispatch/middleware/templates/rescues/_source.erb (3.4ms)
  Rendered /home/zaphod/.rvm/gems/ruby-2.2.0/gems/actionpack-4.2.1/lib/action_dispatch/middleware/templates/rescues/_trace.html.erb (1.4ms)
  Rendered /home/zaphod/.rvm/gems/ruby-2.2.0/gems/actionpack-4.2.1/lib/action_dispatch/middleware/templates/rescues/_request_and_response.html.erb (0.6ms)
  Rendered /home/zaphod/.rvm/gems/ruby-2.2.0/gems/actionpack-4.2.1/lib/action_dispatch/middleware/templates/rescues/diagnostics.html.erb within rescues/layout (13.3ms)
  Rendered /home/zaphod/.rvm/gems/ruby-2.2.0/gems/web-console-2.1.2/lib/web_console/templates/_markup.html.erb (0.2ms)
  Rendered /home/zaphod/.rvm/gems/ruby-2.2.0/gems/web-console-2.1.2/lib/web_console/templates/style.css.erb within layouts/inlined_string (0.2ms)
  Rendered /home/zaphod/.rvm/gems/ruby-2.2.0/gems/web-console-2.1.2/lib/web_console/templates/_inner_console_markup.html.erb within layouts/inlined_string (0.1ms)
  Rendered /home/zaphod/.rvm/gems/ruby-2.2.0/gems/web-console-2.1.2/lib/web_console/templates/_prompt_box_markup.html.erb within layouts/inlined_string (0.2ms)
  Rendered /home/zaphod/.rvm/gems/ruby-2.2.0/gems/web-console-2.1.2/lib/web_console/templates/console.js.erb within layouts/javascript (8.7ms)
  Rendered /home/zaphod/.rvm/gems/ruby-2.2.0/gems/web-console-2.1.2/lib/web_console/templates/main.js.erb within layouts/javascript (0.1ms)
  Rendered /home/zaphod/.rvm/gems/ruby-2.2.0/gems/web-console-2.1.2/lib/web_console/templates/error_page.js.erb within layouts/javascript (0.2ms)
  Rendered /home/zaphod/.rvm/gems/ruby-2.2.0/gems/web-console-2.1.2/lib/web_console/templates/index.html.erb (18.8ms)
  [1m[36mActiveRecord::SchemaMigration Load (0.1ms)[0m  [1mSELECT "schema_migrations".* FROM "schema_migrations"[0m
  [1m[35mActiveRecord::SchemaMigration Load (0.0ms)[0m  SELECT "schema_migrations".* FROM "schema_migrations"


Started GET "/" for 127.0.0.1 at 2015-06-04 17:18:00 -0400
  [1m[36mActiveRecord::SchemaMigration Load (0.1ms)[0m  [1mSELECT "schema_migrations".* FROM "schema_migrations"[0m
Processing by Rails::WelcomeController#index as HTML
  Rendered /home/zaphod/.rvm/gems/ruby-2.2.0/gems/railties-4.2.1/lib/rails/templates/rails/welcome/index.html.erb (0.9ms)
Completed 200 OK in 10ms (Views: 3.9ms | ActiveRecord: 0.0ms)


Started GET "/casein" for 127.0.0.1 at 2015-06-04 17:18:04 -0400
Processing by Casein::CaseinController#index as HTML
  [1m[35mCasein::AdminUser Load (0.2ms)[0m  SELECT  "casein_admin_users".* FROM "casein_admin_users" WHERE "casein_admin_users"."id" = ? LIMIT 1  [["id", 2]]
  [1m[36m (0.1ms)[0m  [1mbegin transaction[0m
  [1m[35mSQL (6.9ms)[0m  UPDATE "casein_admin_users" SET "last_request_at" = ?, "perishable_token" = ?, "updated_at" = ? WHERE "casein_admin_users"."id" = ?  [["last_request_at", "2015-06-04 21:18:04.345275"], ["perishable_token", "GveKFFaSyzQfg5Fp9uA"], ["updated_at", "2015-06-04 21:18:04.346043"], ["id", 2]]
  [1m[36m (129.1ms)[0m  [1mcommit transaction[0m
Completed 500 Internal Server Error in 187ms (ActiveRecord: 136.7ms)

ActionController::UrlGenerationError (No route matches {:action=>"show", :controller=>"casein/posts"} missing required keys: [:id]):
  app/helpers/casein/config_helper.rb:31:in `casein_config_dashboard_url'


  Rendered /home/zaphod/.rvm/gems/ruby-2.2.0/gems/actionpack-4.2.1/lib/action_dispatch/middleware/templates/rescues/_source.erb (3.4ms)
  Rendered /home/zaphod/.rvm/gems/ruby-2.2.0/gems/actionpack-4.2.1/lib/action_dispatch/middleware/templates/rescues/_trace.html.erb (1.7ms)
  Rendered /home/zaphod/.rvm/gems/ruby-2.2.0/gems/actionpack-4.2.1/lib/action_dispatch/middleware/templates/rescues/_request_and_response.html.erb (0.6ms)
  Rendered /home/zaphod/.rvm/gems/ruby-2.2.0/gems/actionpack-4.2.1/lib/action_dispatch/middleware/templates/rescues/diagnostics.html.erb within rescues/layout (13.6ms)
  Rendered /home/zaphod/.rvm/gems/ruby-2.2.0/gems/web-console-2.1.2/lib/web_console/templates/_markup.html.erb (0.2ms)
  Rendered /home/zaphod/.rvm/gems/ruby-2.2.0/gems/web-console-2.1.2/lib/web_console/templates/style.css.erb within layouts/inlined_string (0.1ms)
  Rendered /home/zaphod/.rvm/gems/ruby-2.2.0/gems/web-console-2.1.2/lib/web_console/templates/_inner_console_markup.html.erb within layouts/inlined_string (0.2ms)
  Rendered /home/zaphod/.rvm/gems/ruby-2.2.0/gems/web-console-2.1.2/lib/web_console/templates/_prompt_box_markup.html.erb within layouts/inlined_string (0.1ms)
  Rendered /home/zaphod/.rvm/gems/ruby-2.2.0/gems/web-console-2.1.2/lib/web_console/templates/console.js.erb within layouts/javascript (8.8ms)
  Rendered /home/zaphod/.rvm/gems/ruby-2.2.0/gems/web-console-2.1.2/lib/web_console/templates/main.js.erb within layouts/javascript (0.2ms)
  Rendered /home/zaphod/.rvm/gems/ruby-2.2.0/gems/web-console-2.1.2/lib/web_console/templates/error_page.js.erb within layouts/javascript (0.2ms)
  Rendered /home/zaphod/.rvm/gems/ruby-2.2.0/gems/web-console-2.1.2/lib/web_console/templates/index.html.erb (18.5ms)


Started GET "/casein" for 127.0.0.1 at 2015-06-04 17:18:27 -0400
Processing by Casein::CaseinController#index as HTML
  [1m[35mCasein::AdminUser Load (0.2ms)[0m  SELECT  "casein_admin_users".* FROM "casein_admin_users" WHERE "casein_admin_users"."id" = ? LIMIT 1  [["id", 2]]
  [1m[36m (0.1ms)[0m  [1mbegin transaction[0m
  [1m[35mSQL (0.2ms)[0m  UPDATE "casein_admin_users" SET "last_request_at" = ?, "perishable_token" = ?, "updated_at" = ? WHERE "casein_admin_users"."id" = ?  [["last_request_at", "2015-06-04 21:18:27.398270"], ["perishable_token", "i1FvQxrc2zYtx9HOSaZS"], ["updated_at", "2015-06-04 21:18:27.399168"], ["id", 2]]
  [1m[36m (119.2ms)[0m  [1mcommit transaction[0m
Completed 500 Internal Server Error in 126ms (ActiveRecord: 119.6ms)

ActionController::UrlGenerationError (No route matches {:action=>"show", :controller=>"casein/posts"} missing required keys: [:id]):
  app/helpers/casein/config_helper.rb:31:in `casein_config_dashboard_url'


  Rendered /home/zaphod/.rvm/gems/ruby-2.2.0/gems/actionpack-4.2.1/lib/action_dispatch/middleware/templates/rescues/_source.erb (9.4ms)
  Rendered /home/zaphod/.rvm/gems/ruby-2.2.0/gems/actionpack-4.2.1/lib/action_dispatch/middleware/templates/rescues/_trace.html.erb (3.8ms)
  Rendered /home/zaphod/.rvm/gems/ruby-2.2.0/gems/actionpack-4.2.1/lib/action_dispatch/middleware/templates/rescues/_request_and_response.html.erb (0.8ms)
  Rendered /home/zaphod/.rvm/gems/ruby-2.2.0/gems/actionpack-4.2.1/lib/action_dispatch/middleware/templates/rescues/diagnostics.html.erb within rescues/layout (23.5ms)
  Rendered /home/zaphod/.rvm/gems/ruby-2.2.0/gems/web-console-2.1.2/lib/web_console/templates/_markup.html.erb (0.2ms)
  Rendered /home/zaphod/.rvm/gems/ruby-2.2.0/gems/web-console-2.1.2/lib/web_console/templates/style.css.erb within layouts/inlined_string (0.2ms)
  Rendered /home/zaphod/.rvm/gems/ruby-2.2.0/gems/web-console-2.1.2/lib/web_console/templates/_inner_console_markup.html.erb within layouts/inlined_string (0.2ms)
  Rendered /home/zaphod/.rvm/gems/ruby-2.2.0/gems/web-console-2.1.2/lib/web_console/templates/_prompt_box_markup.html.erb within layouts/inlined_string (0.1ms)
  Rendered /home/zaphod/.rvm/gems/ruby-2.2.0/gems/web-console-2.1.2/lib/web_console/templates/console.js.erb within layouts/javascript (10.9ms)
  Rendered /home/zaphod/.rvm/gems/ruby-2.2.0/gems/web-console-2.1.2/lib/web_console/templates/main.js.erb within layouts/javascript (0.4ms)
  Rendered /home/zaphod/.rvm/gems/ruby-2.2.0/gems/web-console-2.1.2/lib/web_console/templates/error_page.js.erb within layouts/javascript (0.5ms)
  Rendered /home/zaphod/.rvm/gems/ruby-2.2.0/gems/web-console-2.1.2/lib/web_console/templates/index.html.erb (22.0ms)
  [1m[36mActiveRecord::SchemaMigration Load (0.0ms)[0m  [1mSELECT "schema_migrations".* FROM "schema_migrations"[0m
  [1m[35mActiveRecord::SchemaMigration Load (0.1ms)[0m  SELECT "schema_migrations".* FROM "schema_migrations"


Started GET "/casein" for 127.0.0.1 at 2015-06-04 17:18:48 -0400
Processing by Casein::CaseinController#index as HTML
  [1m[35mCasein::AdminUser Load (0.1ms)[0m  SELECT  "casein_admin_users".* FROM "casein_admin_users" WHERE "casein_admin_users"."id" = ? LIMIT 1  [["id", 2]]
  [1m[36m (0.1ms)[0m  [1mbegin transaction[0m
  [1m[35mSQL (0.3ms)[0m  UPDATE "casein_admin_users" SET "last_request_at" = ?, "perishable_token" = ?, "updated_at" = ? WHERE "casein_admin_users"."id" = ?  [["last_request_at", "2015-06-04 21:18:48.917751"], ["perishable_token", "jH7VM5FrQm4GU98RtIV"], ["updated_at", "2015-06-04 21:18:48.918300"], ["id", 2]]
  [1m[36m (136.9ms)[0m  [1mcommit transaction[0m
Redirected to http://localhost:3000/casein/posts
Completed 302 Found in 160ms (ActiveRecord: 138.0ms)


Started GET "/casein/posts" for 127.0.0.1 at 2015-06-04 17:18:49 -0400
Processing by Casein::PostsController#index as HTML
  [1m[35mCasein::AdminUser Load (0.1ms)[0m  SELECT  "casein_admin_users".* FROM "casein_admin_users" WHERE "casein_admin_users"."id" = ? LIMIT 1  [["id", 2]]
  [1m[36m (0.1ms)[0m  [1mbegin transaction[0m
  [1m[35mSQL (0.2ms)[0m  UPDATE "casein_admin_users" SET "last_request_at" = ?, "perishable_token" = ?, "updated_at" = ? WHERE "casein_admin_users"."id" = ?  [["last_request_at", "2015-06-04 21:18:49.071083"], ["perishable_token", "MIFRQ7qQZWngL00H5PfO"], ["updated_at", "2015-06-04 21:18:49.071576"], ["id", 2]]
  [1m[36m (168.9ms)[0m  [1mcommit transaction[0m
  [1m[35m (0.1ms)[0m  SELECT COUNT(*) FROM "posts"
  [1m[36mPost Load (0.1ms)[0m  [1mSELECT  "posts".* FROM "posts"  ORDER BY title   LIMIT 30 OFFSET 0[0m
  Rendered casein/posts/_table.html.erb (2.6ms)
  Rendered casein/posts/index.html.erb within layouts/casein_main (4.8ms)
  Rendered casein/layouts/_top_navigation.html.erb (0.3ms)
  Rendered casein/layouts/_tab_navigation.html.erb (0.2ms)
Completed 200 OK in 298ms (Views: 122.5ms | ActiveRecord: 169.5ms)


Started GET "/assets/casein/casein.self-395127e1c359efe0b7eaf6ffad15cc196a686f6587bb1e69dfde6678ef058998.css?body=1" for 127.0.0.1 at 2015-06-04 17:18:49 -0400


Started GET "/assets/casein/custom.self-552318e16d76c33689d60be9fe1bb40aefeefa33895ee72dd2f19bc37a8ed7d1.css?body=1" for 127.0.0.1 at 2015-06-04 17:18:49 -0400


Started GET "/assets/jquery.self-d03a5518f45df77341bdbe6201ba3bfa547ebba8ed64f0ea56bfa5f96ea7c074.js?body=1" for 127.0.0.1 at 2015-06-04 17:18:49 -0400


Started GET "/assets/jquery_ujs.self-8e98a7a072a6cee1372d19fff9ff3e6aa1e39a37d89d6f06861637d061113ee7.js?body=1" for 127.0.0.1 at 2015-06-04 17:18:49 -0400


Started GET "/assets/bootstrap.self-e5f04e1a4d121273a314196210515f27b377d2d34a7e56e9348a0170962b72c4.js?body=1" for 127.0.0.1 at 2015-06-04 17:18:49 -0400


Started GET "/assets/casein/casein.self-b2f4c2f682f5dc20e8dc1e1af3930fa41f1796cb897c5f3d9788d6445d8efa86.js?body=1" for 127.0.0.1 at 2015-06-04 17:18:49 -0400


Started GET "/assets/casein/custom.self-efeca08c6fe59142430d3b3b43032a45acd8c04e4db78c3d3d556f19097d9086.js?body=1" for 127.0.0.1 at 2015-06-04 17:18:49 -0400


Started GET "/assets/casein/casein-da98950e65d5a2d09b5702055eb041ffe9fb3a4424c08b065e9fb62ce313dcd9.png" for 127.0.0.1 at 2015-06-04 17:18:49 -0400


Started GET "/assets/bootstrap/glyphicons-halflings-regular-a26394f7ede100ca118eff2eda08596275a9839b959c226e15439557a5a80742.woff" for 127.0.0.1 at 2015-06-04 17:18:49 -0400


Started GET "/casein/posts" for 127.0.0.1 at 2015-06-04 17:18:53 -0400
Processing by Casein::PostsController#index as HTML
  [1m[35mCasein::AdminUser Load (0.1ms)[0m  SELECT  "casein_admin_users".* FROM "casein_admin_users" WHERE "casein_admin_users"."id" = ? LIMIT 1  [["id", 2]]
  [1m[36m (0.1ms)[0m  [1mbegin transaction[0m
  [1m[35mSQL (0.2ms)[0m  UPDATE "casein_admin_users" SET "last_request_at" = ?, "perishable_token" = ?, "updated_at" = ? WHERE "casein_admin_users"."id" = ?  [["last_request_at", "2015-06-04 21:18:53.531678"], ["perishable_token", "j1htJ4NIEF3DmsgKni27"], ["updated_at", "2015-06-04 21:18:53.532141"], ["id", 2]]
  [1m[36m (121.2ms)[0m  [1mcommit transaction[0m
  [1m[35m (0.1ms)[0m  SELECT COUNT(*) FROM "posts"
  [1m[36mPost Load (0.1ms)[0m  [1mSELECT  "posts".* FROM "posts"  ORDER BY title   LIMIT 30 OFFSET 0[0m
  Rendered casein/posts/_table.html.erb (1.7ms)
  Rendered casein/posts/index.html.erb within layouts/casein_main (3.0ms)
  Rendered casein/layouts/_top_navigation.html.erb (0.1ms)
  Rendered casein/layouts/_tab_navigation.html.erb (0.1ms)
Completed 200 OK in 159ms (Views: 33.9ms | ActiveRecord: 121.8ms)


Started GET "/casein/posts/new" for 127.0.0.1 at 2015-06-04 17:20:12 -0400
Processing by Casein::PostsController#new as HTML
  [1m[35mCasein::AdminUser Load (0.1ms)[0m  SELECT  "casein_admin_users".* FROM "casein_admin_users" WHERE "casein_admin_users"."id" = ? LIMIT 1  [["id", 2]]
  [1m[36m (0.1ms)[0m  [1mbegin transaction[0m
  [1m[35mSQL (0.2ms)[0m  UPDATE "casein_admin_users" SET "last_request_at" = ?, "perishable_token" = ?, "updated_at" = ? WHERE "casein_admin_users"."id" = ?  [["last_request_at", "2015-06-04 21:20:12.606860"], ["perishable_token", "QOqkDIngpEekqx9Ox8U"], ["updated_at", "2015-06-04 21:20:12.607481"], ["id", 2]]
  [1m[36m (104.7ms)[0m  [1mcommit transaction[0m
  Rendered casein/posts/_form.html.erb (9.7ms)
  Rendered casein/posts/new.html.erb within layouts/casein_main (11.4ms)
  Rendered casein/layouts/_top_navigation.html.erb (0.1ms)
  Rendered casein/layouts/_tab_navigation.html.erb (0.1ms)
Completed 200 OK in 165ms (Views: 43.5ms | ActiveRecord: 105.3ms)


Started GET "/casein/posts" for 127.0.0.1 at 2015-06-04 17:23:08 -0400
Processing by Casein::PostsController#index as HTML
  [1m[35mCasein::AdminUser Load (0.1ms)[0m  SELECT  "casein_admin_users".* FROM "casein_admin_users" WHERE "casein_admin_users"."id" = ? LIMIT 1  [["id", 2]]
  [1m[36m (0.0ms)[0m  [1mbegin transaction[0m
  [1m[35mSQL (0.1ms)[0m  UPDATE "casein_admin_users" SET "last_request_at" = ?, "perishable_token" = ?, "updated_at" = ? WHERE "casein_admin_users"."id" = ?  [["last_request_at", "2015-06-04 21:23:08.980587"], ["perishable_token", "bYTcNk7OpaySF0kjHNA"], ["updated_at", "2015-06-04 21:23:08.981001"], ["id", 2]]
  [1m[36m (116.0ms)[0m  [1mcommit transaction[0m
  [1m[35m (0.1ms)[0m  SELECT COUNT(*) FROM "posts"
  [1m[36mPost Load (0.2ms)[0m  [1mSELECT  "posts".* FROM "posts"  ORDER BY title   LIMIT 30 OFFSET 0[0m
  Rendered casein/posts/_table.html.erb (1.7ms)
  Rendered casein/posts/index.html.erb within layouts/casein_main (3.0ms)
  Rendered casein/layouts/_top_navigation.html.erb (0.1ms)
  Rendered casein/layouts/_tab_navigation.html.erb (0.1ms)
Completed 200 OK in 175ms (Views: 55.4ms | ActiveRecord: 116.5ms)


Started GET "/casein/admin_users/2" for 127.0.0.1 at 2015-06-04 17:23:11 -0400
Processing by Casein::AdminUsersController#show as HTML
  Parameters: {"id"=>"2"}
  [1m[35mCasein::AdminUser Load (0.1ms)[0m  SELECT  "casein_admin_users".* FROM "casein_admin_users" WHERE "casein_admin_users"."id" = ? LIMIT 1  [["id", 2]]
  [1m[36m (0.1ms)[0m  [1mbegin transaction[0m
  [1m[35mSQL (0.1ms)[0m  UPDATE "casein_admin_users" SET "last_request_at" = ?, "perishable_token" = ?, "updated_at" = ? WHERE "casein_admin_users"."id" = ?  [["last_request_at", "2015-06-04 21:23:11.990140"], ["perishable_token", "xmc0Ap1US8jbg4PhqZa"], ["updated_at", "2015-06-04 21:23:11.990548"], ["id", 2]]
  [1m[36m (116.7ms)[0m  [1mcommit transaction[0m
  [1m[35mCasein::AdminUser Load (0.1ms)[0m  SELECT  "casein_admin_users".* FROM "casein_admin_users" WHERE "casein_admin_users"."id" = ? LIMIT 1  [["id", 2]]
  [1m[36m (0.1ms)[0m  [1mSELECT COUNT(*) FROM "casein_admin_users" WHERE "casein_admin_users"."access_level" = ?[0m  [["access_level", 0]]
  Rendered /home/zaphod/.rvm/gems/ruby-2.2.0/gems/casein-5.1.1.5/app/views/casein/admin_users/show.html.erb within layouts/casein_main (161.6ms)
  Rendered casein/layouts/_top_navigation.html.erb (0.1ms)
  Rendered casein/layouts/_tab_navigation.html.erb (0.1ms)
Completed 200 OK in 317ms (Views: 194.6ms | ActiveRecord: 117.2ms)


Started PATCH "/casein/admin_users/2" for 127.0.0.1 at 2015-06-04 17:23:29 -0400
Processing by Casein::AdminUsersController#update as HTML
  Parameters: {"utf8"=>"✓", "authenticity_token"=>"HotNrwt/txDrrIeweZIr6ZJ5SWCsrpAQnLS9PSt49RrdRN04WG+HNViLCF+N85k5QLxOqUiMjDrCwI/wwMboHw==", "casein_admin_user"=>{"login"=>"admin", "name"=>"Admin", "email"=>"whitep@vcu.edu", "time_zone"=>"Eastern Time (US & Canada)"}, "commit"=>"Save changes", "id"=>"2"}
  [1m[35mCasein::AdminUser Load (0.1ms)[0m  SELECT  "casein_admin_users".* FROM "casein_admin_users" WHERE "casein_admin_users"."id" = ? LIMIT 1  [["id", 2]]
  [1m[36m (0.1ms)[0m  [1mbegin transaction[0m
  [1m[35mSQL (0.2ms)[0m  UPDATE "casein_admin_users" SET "last_request_at" = ?, "perishable_token" = ?, "updated_at" = ? WHERE "casein_admin_users"."id" = ?  [["last_request_at", "2015-06-04 21:23:29.339286"], ["perishable_token", "KYFLyjxrytBxutSOxEht"], ["updated_at", "2015-06-04 21:23:29.339756"], ["id", 2]]
  [1m[36m (115.2ms)[0m  [1mcommit transaction[0m
  [1m[35mCasein::AdminUser Load (0.2ms)[0m  SELECT  "casein_admin_users".* FROM "casein_admin_users" WHERE "casein_admin_users"."id" = ? LIMIT 1  [["id", 2]]
  [1m[36m (0.1ms)[0m  [1mbegin transaction[0m
  [1m[35mCasein::AdminUser Exists (0.1ms)[0m  SELECT  1 AS one FROM "casein_admin_users" WHERE ("casein_admin_users"."login" = 'admin' AND "casein_admin_users"."id" != 2) LIMIT 1
  [1m[36mSQL (0.2ms)[0m  [1mUPDATE "casein_admin_users" SET "time_zone" = ?, "perishable_token" = ?, "updated_at" = ? WHERE "casein_admin_users"."id" = ?[0m  [["time_zone", "Eastern Time (US & Canada)"], ["perishable_token", "hjz1e3laTPz8coXN9J"], ["updated_at", "2015-06-04 21:23:29.466936"], ["id", 2]]
  [1m[35m (121.9ms)[0m  commit transaction
Redirected to http://localhost:3000/casein/admin_users
Completed 302 Found in 253ms (ActiveRecord: 237.9ms)


Started GET "/casein/admin_users" for 127.0.0.1 at 2015-06-04 17:23:29 -0400
Processing by Casein::AdminUsersController#index as HTML
  [1m[36mCasein::AdminUser Load (0.1ms)[0m  [1mSELECT  "casein_admin_users".* FROM "casein_admin_users" WHERE "casein_admin_users"."id" = ? LIMIT 1[0m  [["id", 2]]
  [1m[35m (0.0ms)[0m  begin transaction
  [1m[36mSQL (0.1ms)[0m  [1mUPDATE "casein_admin_users" SET "last_request_at" = ?, "perishable_token" = ?, "updated_at" = ? WHERE "casein_admin_users"."id" = ?[0m  [["last_request_at", "2015-06-04 21:23:29.597143"], ["perishable_token", "WpzSfuSKZEDMVX6kjg09"], ["updated_at", "2015-06-04 21:23:29.597560"], ["id", 2]]
  [1m[35m (117.0ms)[0m  commit transaction
  [1m[36m (0.1ms)[0m  [1mSELECT COUNT(*) FROM "casein_admin_users"[0m
  [1m[35mCasein::AdminUser Load (0.1ms)[0m  SELECT  "casein_admin_users".* FROM "casein_admin_users"  ORDER BY login   LIMIT 30 OFFSET 0
  [1m[36m (0.0ms)[0m  [1mSELECT COUNT(*) FROM "casein_admin_users" WHERE "casein_admin_users"."access_level" = ?[0m  [["access_level", 0]]
  Rendered /home/zaphod/.rvm/gems/ruby-2.2.0/gems/casein-5.1.1.5/app/views/casein/admin_users/index.html.erb within layouts/casein_main (3.3ms)
  Rendered casein/layouts/_top_navigation.html.erb (0.1ms)
  Rendered casein/layouts/_tab_navigation.html.erb (0.0ms)
Completed 200 OK in 156ms (Views: 34.2ms | ActiveRecord: 117.6ms)


Started GET "/casein/posts" for 127.0.0.1 at 2015-06-04 17:32:51 -0400
Processing by Casein::PostsController#index as HTML
  [1m[35mCasein::AdminUser Load (0.1ms)[0m  SELECT  "casein_admin_users".* FROM "casein_admin_users" WHERE "casein_admin_users"."id" = ? LIMIT 1  [["id", 2]]
  [1m[36m (0.1ms)[0m  [1mbegin transaction[0m
  [1m[35mSQL (0.2ms)[0m  UPDATE "casein_admin_users" SET "last_request_at" = ?, "perishable_token" = ?, "updated_at" = ? WHERE "casein_admin_users"."id" = ?  [["last_request_at", "2015-06-04 21:32:51.648147"], ["perishable_token", "Es3dzl7w3bH71dSexZ1"], ["updated_at", "2015-06-04 21:32:51.648674"], ["id", 2]]
  [1m[36m (122.9ms)[0m  [1mcommit transaction[0m
  [1m[35m (0.1ms)[0m  SELECT COUNT(*) FROM "posts"
  [1m[36mPost Load (0.1ms)[0m  [1mSELECT  "posts".* FROM "posts"  ORDER BY title   LIMIT 30 OFFSET 0[0m
  Rendered casein/posts/_table.html.erb (1.6ms)
  Rendered casein/posts/index.html.erb within layouts/casein_main (4.0ms)
  Rendered casein/layouts/_top_navigation.html.erb (0.1ms)
  Rendered casein/layouts/_tab_navigation.html.erb (0.1ms)
Completed 200 OK in 186ms (Views: 38.6ms | ActiveRecord: 124.2ms)
  [1m[36mActiveRecord::SchemaMigration Load (0.1ms)[0m  [1mSELECT "schema_migrations".* FROM "schema_migrations"[0m
Migrating to RemoveColumns (20150604213625)
  [1m[35m (0.0ms)[0m  begin transaction
  [1m[36m (0.2ms)[0m  [1mCREATE TEMPORARY TABLE "aposts" ("id" INTEGER PRIMARY KEY AUTOINCREMENT NOT NULL, "title" varchar, "content" varchar, "current" boolean, "created_on" datetime, "date" date, "time" time, "created_at" datetime, "updated_at" datetime) [0m
  [1m[35m (0.0ms)[0m  SELECT * FROM "posts"
  [1m[36m (0.2ms)[0m  [1mDROP TABLE "posts"[0m
  [1m[35m (0.1ms)[0m  CREATE TABLE "posts" ("id" INTEGER PRIMARY KEY AUTOINCREMENT NOT NULL, "title" varchar, "content" varchar, "current" boolean, "created_on" datetime, "date" date, "created_at" datetime, "updated_at" datetime) 
  [1m[36m (0.0ms)[0m  [1mSELECT * FROM "aposts"[0m
  [1m[35m (0.1ms)[0m  DROP TABLE "aposts"
  [1m[36mSQL (0.1ms)[0m  [1mINSERT INTO "schema_migrations" ("version") VALUES (?)[0m  [["version", "20150604213625"]]
  [1m[35m (121.3ms)[0m  commit transaction
  [1m[36mActiveRecord::SchemaMigration Load (0.1ms)[0m  [1mSELECT "schema_migrations".* FROM "schema_migrations"[0m


Started GET "/casein/posts" for 127.0.0.1 at 2015-06-04 17:38:17 -0400
  [1m[35mActiveRecord::SchemaMigration Load (0.1ms)[0m  SELECT "schema_migrations".* FROM "schema_migrations"
Processing by Casein::PostsController#index as HTML
  [1m[36mCasein::AdminUser Load (0.1ms)[0m  [1mSELECT  "casein_admin_users".* FROM "casein_admin_users" WHERE "casein_admin_users"."id" = ? LIMIT 1[0m  [["id", 2]]
  [1m[35m (0.1ms)[0m  begin transaction
  [1m[36mSQL (0.2ms)[0m  [1mUPDATE "casein_admin_users" SET "last_request_at" = ?, "perishable_token" = ?, "updated_at" = ? WHERE "casein_admin_users"."id" = ?[0m  [["last_request_at", "2015-06-04 21:38:17.657790"], ["perishable_token", "0LYX1Dij4uXg5EtGi60r"], ["updated_at", "2015-06-04 21:38:17.658359"], ["id", 2]]
  [1m[35m (128.4ms)[0m  commit transaction
  [1m[36m (0.1ms)[0m  [1mSELECT COUNT(*) FROM "posts"[0m
  [1m[35mPost Load (0.1ms)[0m  SELECT  "posts".* FROM "posts"  ORDER BY title   LIMIT 30 OFFSET 0
  Rendered casein/posts/_table.html.erb (1.8ms)
  Rendered casein/posts/index.html.erb within layouts/casein_main (3.4ms)
  Rendered casein/layouts/_top_navigation.html.erb (0.1ms)
  Rendered casein/layouts/_tab_navigation.html.erb (0.1ms)
Completed 200 OK in 179ms (Views: 35.0ms | ActiveRecord: 129.4ms)


Started GET "/assets/casein/casein.self-395127e1c359efe0b7eaf6ffad15cc196a686f6587bb1e69dfde6678ef058998.css?body=1" for 127.0.0.1 at 2015-06-04 17:38:17 -0400


Started GET "/assets/casein/custom.self-552318e16d76c33689d60be9fe1bb40aefeefa33895ee72dd2f19bc37a8ed7d1.css?body=1" for 127.0.0.1 at 2015-06-04 17:38:17 -0400


Started GET "/assets/jquery.self-d03a5518f45df77341bdbe6201ba3bfa547ebba8ed64f0ea56bfa5f96ea7c074.js?body=1" for 127.0.0.1 at 2015-06-04 17:38:17 -0400


Started GET "/assets/jquery_ujs.self-8e98a7a072a6cee1372d19fff9ff3e6aa1e39a37d89d6f06861637d061113ee7.js?body=1" for 127.0.0.1 at 2015-06-04 17:38:17 -0400


Started GET "/assets/bootstrap.self-e5f04e1a4d121273a314196210515f27b377d2d34a7e56e9348a0170962b72c4.js?body=1" for 127.0.0.1 at 2015-06-04 17:38:17 -0400


Started GET "/assets/casein/casein.self-b2f4c2f682f5dc20e8dc1e1af3930fa41f1796cb897c5f3d9788d6445d8efa86.js?body=1" for 127.0.0.1 at 2015-06-04 17:38:17 -0400


Started GET "/assets/casein/custom.self-efeca08c6fe59142430d3b3b43032a45acd8c04e4db78c3d3d556f19097d9086.js?body=1" for 127.0.0.1 at 2015-06-04 17:38:17 -0400


Started GET "/assets/casein/casein-da98950e65d5a2d09b5702055eb041ffe9fb3a4424c08b065e9fb62ce313dcd9.png" for 127.0.0.1 at 2015-06-04 17:38:17 -0400


Started GET "/casein/posts" for 127.0.0.1 at 2015-06-04 17:40:10 -0400
  [1m[36mActiveRecord::SchemaMigration Load (0.1ms)[0m  [1mSELECT "schema_migrations".* FROM "schema_migrations"[0m
Processing by Casein::PostsController#index as HTML
  [1m[35mCasein::AdminUser Load (0.2ms)[0m  SELECT  "casein_admin_users".* FROM "casein_admin_users" WHERE "casein_admin_users"."id" = ? LIMIT 1  [["id", 2]]
  [1m[36m (0.1ms)[0m  [1mbegin transaction[0m
  [1m[35mSQL (0.3ms)[0m  UPDATE "casein_admin_users" SET "last_request_at" = ?, "perishable_token" = ?, "updated_at" = ? WHERE "casein_admin_users"."id" = ?  [["last_request_at", "2015-06-04 21:40:10.111453"], ["perishable_token", "hsV6yUB8zm4adVDqBev8"], ["updated_at", "2015-06-04 21:40:10.112082"], ["id", 2]]
  [1m[36m (124.1ms)[0m  [1mcommit transaction[0m
  [1m[35m (0.1ms)[0m  SELECT COUNT(*) FROM "posts"
  [1m[36mPost Load (0.1ms)[0m  [1mSELECT  "posts".* FROM "posts"  ORDER BY title   LIMIT 30 OFFSET 0[0m
  Rendered casein/posts/_table.html.erb (2.4ms)
  Rendered casein/posts/index.html.erb within layouts/casein_main (6.4ms)
  Rendered casein/layouts/_top_navigation.html.erb (0.3ms)
  Rendered casein/layouts/_tab_navigation.html.erb (0.2ms)
Completed 200 OK in 359ms (Views: 180.4ms | ActiveRecord: 125.2ms)


Started GET "/assets/casein/casein.self-395127e1c359efe0b7eaf6ffad15cc196a686f6587bb1e69dfde6678ef058998.css?body=1" for 127.0.0.1 at 2015-06-04 17:40:10 -0400


Started GET "/assets/casein/custom.self-552318e16d76c33689d60be9fe1bb40aefeefa33895ee72dd2f19bc37a8ed7d1.css?body=1" for 127.0.0.1 at 2015-06-04 17:40:10 -0400


Started GET "/assets/jquery.self-d03a5518f45df77341bdbe6201ba3bfa547ebba8ed64f0ea56bfa5f96ea7c074.js?body=1" for 127.0.0.1 at 2015-06-04 17:40:10 -0400


Started GET "/assets/jquery_ujs.self-8e98a7a072a6cee1372d19fff9ff3e6aa1e39a37d89d6f06861637d061113ee7.js?body=1" for 127.0.0.1 at 2015-06-04 17:40:10 -0400


Started GET "/assets/bootstrap.self-e5f04e1a4d121273a314196210515f27b377d2d34a7e56e9348a0170962b72c4.js?body=1" for 127.0.0.1 at 2015-06-04 17:40:10 -0400


Started GET "/assets/casein/casein.self-b2f4c2f682f5dc20e8dc1e1af3930fa41f1796cb897c5f3d9788d6445d8efa86.js?body=1" for 127.0.0.1 at 2015-06-04 17:40:10 -0400


Started GET "/assets/casein/custom.self-efeca08c6fe59142430d3b3b43032a45acd8c04e4db78c3d3d556f19097d9086.js?body=1" for 127.0.0.1 at 2015-06-04 17:40:10 -0400


Started GET "/assets/casein/casein-da98950e65d5a2d09b5702055eb041ffe9fb3a4424c08b065e9fb62ce313dcd9.png" for 127.0.0.1 at 2015-06-04 17:40:10 -0400


Started GET "/casein" for 127.0.0.1 at 2015-06-04 17:40:16 -0400
Processing by Casein::CaseinController#index as HTML
  [1m[35mCasein::AdminUser Load (0.1ms)[0m  SELECT  "casein_admin_users".* FROM "casein_admin_users" WHERE "casein_admin_users"."id" = ? LIMIT 1  [["id", 2]]
  [1m[36m (0.0ms)[0m  [1mbegin transaction[0m
  [1m[35mSQL (0.2ms)[0m  UPDATE "casein_admin_users" SET "last_request_at" = ?, "perishable_token" = ?, "updated_at" = ? WHERE "casein_admin_users"."id" = ?  [["last_request_at", "2015-06-04 21:40:16.388316"], ["perishable_token", "DxFT3mz2htP6NhIbFDEr"], ["updated_at", "2015-06-04 21:40:16.388731"], ["id", 2]]
  [1m[36m (118.7ms)[0m  [1mcommit transaction[0m
Redirected to http://localhost:3000/casein/posts
Completed 302 Found in 123ms (ActiveRecord: 119.0ms)


Started GET "/casein/posts" for 127.0.0.1 at 2015-06-04 17:40:16 -0400
Processing by Casein::PostsController#index as HTML
  [1m[35mCasein::AdminUser Load (0.1ms)[0m  SELECT  "casein_admin_users".* FROM "casein_admin_users" WHERE "casein_admin_users"."id" = ? LIMIT 1  [["id", 2]]
  [1m[36m (0.0ms)[0m  [1mbegin transaction[0m
  [1m[35mSQL (0.1ms)[0m  UPDATE "casein_admin_users" SET "last_request_at" = ?, "perishable_token" = ?, "updated_at" = ? WHERE "casein_admin_users"."id" = ?  [["last_request_at", "2015-06-04 21:40:16.515401"], ["perishable_token", "hR3fc6dkgbrSaIXfP232"], ["updated_at", "2015-06-04 21:40:16.515790"], ["id", 2]]
  [1m[36m (268.0ms)[0m  [1mcommit transaction[0m
  [1m[35m (0.1ms)[0m  SELECT COUNT(*) FROM "posts"
  [1m[36mPost Load (0.1ms)[0m  [1mSELECT  "posts".* FROM "posts"  ORDER BY title   LIMIT 30 OFFSET 0[0m
  Rendered casein/posts/_table.html.erb (1.3ms)
  Rendered casein/posts/index.html.erb within layouts/casein_main (2.4ms)
  Rendered casein/layouts/_top_navigation.html.erb (0.1ms)
  Rendered casein/layouts/_tab_navigation.html.erb (0.1ms)
Completed 200 OK in 335ms (Views: 63.6ms | ActiveRecord: 268.5ms)


Started GET "/casein/posts" for 127.0.0.1 at 2015-06-04 17:40:19 -0400
Processing by Casein::PostsController#index as HTML
  [1m[35mCasein::AdminUser Load (0.1ms)[0m  SELECT  "casein_admin_users".* FROM "casein_admin_users" WHERE "casein_admin_users"."id" = ? LIMIT 1  [["id", 2]]
  [1m[36m (0.0ms)[0m  [1mbegin transaction[0m
  [1m[35mSQL (0.1ms)[0m  UPDATE "casein_admin_users" SET "last_request_at" = ?, "perishable_token" = ?, "updated_at" = ? WHERE "casein_admin_users"."id" = ?  [["last_request_at", "2015-06-04 21:40:19.703943"], ["perishable_token", "9YgNrNYXNYWUSuQmB7Qi"], ["updated_at", "2015-06-04 21:40:19.704330"], ["id", 2]]
  [1m[36m (122.7ms)[0m  [1mcommit transaction[0m
  [1m[35m (0.1ms)[0m  SELECT COUNT(*) FROM "posts"
  [1m[36mPost Load (0.9ms)[0m  [1mSELECT  "posts".* FROM "posts"  ORDER BY title   LIMIT 30 OFFSET 0[0m
  Rendered casein/posts/_table.html.erb (4.3ms)
  Rendered casein/posts/index.html.erb within layouts/casein_main (6.1ms)
  Rendered casein/layouts/_top_navigation.html.erb (0.1ms)
  Rendered casein/layouts/_tab_navigation.html.erb (0.1ms)
Completed 200 OK in 216ms (Views: 86.3ms | ActiveRecord: 124.0ms)


Started GET "/casein/posts/new" for 127.0.0.1 at 2015-06-04 17:40:22 -0400
Processing by Casein::PostsController#new as HTML
  [1m[35mCasein::AdminUser Load (0.1ms)[0m  SELECT  "casein_admin_users".* FROM "casein_admin_users" WHERE "casein_admin_users"."id" = ? LIMIT 1  [["id", 2]]
  [1m[36m (0.1ms)[0m  [1mbegin transaction[0m
  [1m[35mSQL (0.2ms)[0m  UPDATE "casein_admin_users" SET "last_request_at" = ?, "perishable_token" = ?, "updated_at" = ? WHERE "casein_admin_users"."id" = ?  [["last_request_at", "2015-06-04 21:40:22.721377"], ["perishable_token", "JElcs6OKcrBoR8VOS4G"], ["updated_at", "2015-06-04 21:40:22.721858"], ["id", 2]]
  [1m[36m (124.8ms)[0m  [1mcommit transaction[0m
  Rendered casein/posts/_form.html.erb (9.3ms)
  Rendered casein/posts/new.html.erb within layouts/casein_main (10.8ms)
Completed 500 Internal Server Error in 154ms (ActiveRecord: 125.3ms)

ActionView::Template::Error (undefined method `time' for #<Post:0x000000071b6528>):
    24: 		<%= casein_date_select f, f.object, :date %>
    25: 	</div>
    26: 	<div class="col-lg-6">
    27: 		<%= casein_time_select f, f.object, :time %>
    28: 	</div>
    29: </div>
  app/views/casein/posts/_form.html.erb:27:in `_app_views_casein_posts__form_html_erb___1759756609164752747_59584300'
  app/views/casein/posts/new.html.erb:7:in `block in _app_views_casein_posts_new_html_erb__2120926787432558656_59812860'
  app/views/casein/posts/new.html.erb:5:in `_app_views_casein_posts_new_html_erb__2120926787432558656_59812860'


  Rendered /home/zaphod/.rvm/gems/ruby-2.2.0/gems/actionpack-4.2.1/lib/action_dispatch/middleware/templates/rescues/_source.erb (5.2ms)
  Rendered /home/zaphod/.rvm/gems/ruby-2.2.0/gems/actionpack-4.2.1/lib/action_dispatch/middleware/templates/rescues/_trace.html.erb (2.1ms)
  Rendered /home/zaphod/.rvm/gems/ruby-2.2.0/gems/actionpack-4.2.1/lib/action_dispatch/middleware/templates/rescues/_request_and_response.html.erb (0.5ms)
  Rendered /home/zaphod/.rvm/gems/ruby-2.2.0/gems/actionpack-4.2.1/lib/action_dispatch/middleware/templates/rescues/template_error.html.erb within rescues/layout (16.3ms)
  Rendered /home/zaphod/.rvm/gems/ruby-2.2.0/gems/web-console-2.1.2/lib/web_console/templates/_markup.html.erb (0.2ms)
  Rendered /home/zaphod/.rvm/gems/ruby-2.2.0/gems/web-console-2.1.2/lib/web_console/templates/style.css.erb within layouts/inlined_string (0.2ms)
  Rendered /home/zaphod/.rvm/gems/ruby-2.2.0/gems/web-console-2.1.2/lib/web_console/templates/_inner_console_markup.html.erb within layouts/inlined_string (0.1ms)
  Rendered /home/zaphod/.rvm/gems/ruby-2.2.0/gems/web-console-2.1.2/lib/web_console/templates/_prompt_box_markup.html.erb within layouts/inlined_string (0.2ms)
  Rendered /home/zaphod/.rvm/gems/ruby-2.2.0/gems/web-console-2.1.2/lib/web_console/templates/console.js.erb within layouts/javascript (9.0ms)
  Rendered /home/zaphod/.rvm/gems/ruby-2.2.0/gems/web-console-2.1.2/lib/web_console/templates/main.js.erb within layouts/javascript (0.2ms)
  Rendered /home/zaphod/.rvm/gems/ruby-2.2.0/gems/web-console-2.1.2/lib/web_console/templates/error_page.js.erb within layouts/javascript (0.3ms)
  Rendered /home/zaphod/.rvm/gems/ruby-2.2.0/gems/web-console-2.1.2/lib/web_console/templates/index.html.erb (18.5ms)
  [1m[36mActiveRecord::SchemaMigration Load (0.1ms)[0m  [1mSELECT "schema_migrations".* FROM "schema_migrations"[0m
  [1m[35mActiveRecord::SchemaMigration Load (0.0ms)[0m  SELECT "schema_migrations".* FROM "schema_migrations"


Started GET "/casein/posts" for 127.0.0.1 at 2015-06-04 17:41:36 -0400
  [1m[36mActiveRecord::SchemaMigration Load (0.1ms)[0m  [1mSELECT "schema_migrations".* FROM "schema_migrations"[0m
Processing by Casein::PostsController#index as HTML
  [1m[35mCasein::AdminUser Load (0.2ms)[0m  SELECT  "casein_admin_users".* FROM "casein_admin_users" WHERE "casein_admin_users"."id" = ? LIMIT 1  [["id", 2]]
  [1m[36m (0.1ms)[0m  [1mbegin transaction[0m
  [1m[35mSQL (0.3ms)[0m  UPDATE "casein_admin_users" SET "last_request_at" = ?, "perishable_token" = ?, "updated_at" = ? WHERE "casein_admin_users"."id" = ?  [["last_request_at", "2015-06-04 21:41:36.221211"], ["perishable_token", "W0tvHTaksBybjVECNp6L"], ["updated_at", "2015-06-04 21:41:36.221828"], ["id", 2]]
  [1m[36m (119.3ms)[0m  [1mcommit transaction[0m
  [1m[35m (0.1ms)[0m  SELECT COUNT(*) FROM "posts"
  [1m[36mPost Load (0.2ms)[0m  [1mSELECT  "posts".* FROM "posts"  ORDER BY title   LIMIT 30 OFFSET 0[0m
  Rendered casein/posts/_table.html.erb (2.5ms)
  Rendered casein/posts/index.html.erb within layouts/casein_main (6.5ms)
  Rendered casein/layouts/_top_navigation.html.erb (0.3ms)
  Rendered casein/layouts/_tab_navigation.html.erb (0.3ms)
Completed 200 OK in 338ms (Views: 164.3ms | ActiveRecord: 120.5ms)


Started GET "/casein/posts/new" for 127.0.0.1 at 2015-06-04 17:41:38 -0400
Processing by Casein::PostsController#new as HTML
  [1m[35mCasein::AdminUser Load (0.1ms)[0m  SELECT  "casein_admin_users".* FROM "casein_admin_users" WHERE "casein_admin_users"."id" = ? LIMIT 1  [["id", 2]]
  [1m[36m (0.0ms)[0m  [1mbegin transaction[0m
  [1m[35mSQL (0.1ms)[0m  UPDATE "casein_admin_users" SET "last_request_at" = ?, "perishable_token" = ?, "updated_at" = ? WHERE "casein_admin_users"."id" = ?  [["last_request_at", "2015-06-04 21:41:38.251799"], ["perishable_token", "D4mU7yE6VyCVn4eB7pLn"], ["updated_at", "2015-06-04 21:41:38.252153"], ["id", 2]]
  [1m[36m (124.7ms)[0m  [1mcommit transaction[0m
  Rendered casein/posts/_form.html.erb (3.8ms)
  Rendered casein/posts/new.html.erb within layouts/casein_main (5.4ms)
  Rendered casein/layouts/_top_navigation.html.erb (0.1ms)
  Rendered casein/layouts/_tab_navigation.html.erb (0.1ms)
Completed 200 OK in 200ms (Views: 60.2ms | ActiveRecord: 125.4ms)


Started POST "/casein/posts" for 127.0.0.1 at 2015-06-04 17:41:52 -0400
Processing by Casein::PostsController#create as HTML
  Parameters: {"utf8"=>"✓", "authenticity_token"=>"FiZ59dRRliu5Dvvrk/4zuZG4CZtzCo2zy8RdEJa7EyjV6elih0GmDgopdARnn4FpQ30OUpcokZmVsG/dfQUOLQ==", "post"=>{"title"=>"Post Title", "content"=>"Post content"}, "commit"=>"Add new post"}
  [1m[35mCasein::AdminUser Load (0.1ms)[0m  SELECT  "casein_admin_users".* FROM "casein_admin_users" WHERE "casein_admin_users"."id" = ? LIMIT 1  [["id", 2]]
  [1m[36m (0.1ms)[0m  [1mbegin transaction[0m
  [1m[35mSQL (0.1ms)[0m  UPDATE "casein_admin_users" SET "last_request_at" = ?, "perishable_token" = ?, "updated_at" = ? WHERE "casein_admin_users"."id" = ?  [["last_request_at", "2015-06-04 21:41:52.082428"], ["perishable_token", "CYPrtuuRl0LFcHw6ECat"], ["updated_at", "2015-06-04 21:41:52.082911"], ["id", 2]]
  [1m[36m (198.7ms)[0m  [1mcommit transaction[0m
  [1m[35m (0.1ms)[0m  begin transaction
  [1m[36m (0.0ms)[0m  [1mrollback transaction[0m
Completed 500 Internal Server Error in 205ms (ActiveRecord: 199.1ms)

NoMethodError (undefined method `time_=' for #<Post:0x00000004398150>):
  app/models/post.rb:5:in `timestamp'
  app/controllers/casein/posts_controller.rb:28:in `create'


  Rendered /home/zaphod/.rvm/gems/ruby-2.2.0/gems/actionpack-4.2.1/lib/action_dispatch/middleware/templates/rescues/_source.erb (3.6ms)
  Rendered /home/zaphod/.rvm/gems/ruby-2.2.0/gems/actionpack-4.2.1/lib/action_dispatch/middleware/templates/rescues/_trace.html.erb (1.6ms)
  Rendered /home/zaphod/.rvm/gems/ruby-2.2.0/gems/actionpack-4.2.1/lib/action_dispatch/middleware/templates/rescues/_request_and_response.html.erb (0.6ms)
  Rendered /home/zaphod/.rvm/gems/ruby-2.2.0/gems/actionpack-4.2.1/lib/action_dispatch/middleware/templates/rescues/diagnostics.html.erb within rescues/layout (13.3ms)
  Rendered /home/zaphod/.rvm/gems/ruby-2.2.0/gems/web-console-2.1.2/lib/web_console/templates/_markup.html.erb (0.1ms)
  Rendered /home/zaphod/.rvm/gems/ruby-2.2.0/gems/web-console-2.1.2/lib/web_console/templates/style.css.erb within layouts/inlined_string (0.2ms)
  Rendered /home/zaphod/.rvm/gems/ruby-2.2.0/gems/web-console-2.1.2/lib/web_console/templates/_inner_console_markup.html.erb within layouts/inlined_string (0.1ms)
  Rendered /home/zaphod/.rvm/gems/ruby-2.2.0/gems/web-console-2.1.2/lib/web_console/templates/_prompt_box_markup.html.erb within layouts/inlined_string (0.2ms)
  Rendered /home/zaphod/.rvm/gems/ruby-2.2.0/gems/web-console-2.1.2/lib/web_console/templates/console.js.erb within layouts/javascript (8.3ms)
  Rendered /home/zaphod/.rvm/gems/ruby-2.2.0/gems/web-console-2.1.2/lib/web_console/templates/main.js.erb within layouts/javascript (0.2ms)
  Rendered /home/zaphod/.rvm/gems/ruby-2.2.0/gems/web-console-2.1.2/lib/web_console/templates/error_page.js.erb within layouts/javascript (0.2ms)
  Rendered /home/zaphod/.rvm/gems/ruby-2.2.0/gems/web-console-2.1.2/lib/web_console/templates/index.html.erb (17.1ms)


Started POST "/casein/posts" for 127.0.0.1 at 2015-06-04 17:43:00 -0400
Processing by Casein::PostsController#create as HTML
  Parameters: {"utf8"=>"✓", "authenticity_token"=>"FiZ59dRRliu5Dvvrk/4zuZG4CZtzCo2zy8RdEJa7EyjV6elih0GmDgopdARnn4FpQ30OUpcokZmVsG/dfQUOLQ==", "post"=>{"title"=>"Post Title", "content"=>"Post content"}, "commit"=>"Add new post"}
  [1m[35mCasein::AdminUser Load (0.2ms)[0m  SELECT  "casein_admin_users".* FROM "casein_admin_users" WHERE "casein_admin_users"."id" = ? LIMIT 1  [["id", 2]]
  [1m[36m (0.0ms)[0m  [1mbegin transaction[0m
  [1m[35mSQL (0.2ms)[0m  UPDATE "casein_admin_users" SET "last_request_at" = ?, "perishable_token" = ?, "updated_at" = ? WHERE "casein_admin_users"."id" = ?  [["last_request_at", "2015-06-04 21:43:00.168703"], ["perishable_token", "LMsGQTwFLvGSuReXhFO"], ["updated_at", "2015-06-04 21:43:00.169162"], ["id", 2]]
  [1m[36m (126.4ms)[0m  [1mcommit transaction[0m
  [1m[35m (0.1ms)[0m  begin transaction
  [1m[36mSQL (0.3ms)[0m  [1mINSERT INTO "posts" ("title", "content", "created_at", "created_on", "updated_at") VALUES (?, ?, ?, ?, ?)[0m  [["title", "Post Title"], ["content", "Post content"], ["created_at", "2015-06-04 21:43:00.304546"], ["created_on", "2015-06-04 21:43:00.304546"], ["updated_at", "2015-06-04 21:43:00.304546"]]
  [1m[35m (107.6ms)[0m  commit transaction
Redirected to http://localhost:3000/casein/posts
Completed 302 Found in 257ms (ActiveRecord: 235.6ms)


Started GET "/casein/posts" for 127.0.0.1 at 2015-06-04 17:43:00 -0400
Processing by Casein::PostsController#index as HTML
  [1m[36mCasein::AdminUser Load (0.1ms)[0m  [1mSELECT  "casein_admin_users".* FROM "casein_admin_users" WHERE "casein_admin_users"."id" = ? LIMIT 1[0m  [["id", 2]]
  [1m[35m (0.1ms)[0m  begin transaction
  [1m[36mSQL (0.2ms)[0m  [1mUPDATE "casein_admin_users" SET "last_request_at" = ?, "perishable_token" = ?, "updated_at" = ? WHERE "casein_admin_users"."id" = ?[0m  [["last_request_at", "2015-06-04 21:43:00.424327"], ["perishable_token", "Z51OpCwWpcSxicBFDvkU"], ["updated_at", "2015-06-04 21:43:00.424889"], ["id", 2]]
  [1m[35m (113.6ms)[0m  commit transaction
  [1m[36m (0.2ms)[0m  [1mSELECT COUNT(*) FROM "posts"[0m
  [1m[35mPost Load (0.2ms)[0m  SELECT  "posts".* FROM "posts"  ORDER BY title   LIMIT 30 OFFSET 0
  Rendered casein/posts/_table.html.erb (5.6ms)
  Rendered casein/posts/index.html.erb within layouts/casein_main (7.1ms)
Completed 500 Internal Server Error in 128ms (ActiveRecord: 114.3ms)

ActionView::Template::Error (undefined method `time' for #<Post:0x00000007895e98>):
    20: 			<td><%= casein_table_cell_link post.current, casein_post_path(post) %></td>
    21: 			<td><%= casein_table_cell_link post.created_on, casein_post_path(post) %></td>
    22: 			<td><%= casein_table_cell_link post.date, casein_post_path(post) %></td>
    23: 			<td><%= casein_table_cell_link post.time, casein_post_path(post) %></td>
    24: 			<td class="delete">
    25: 				<%= link_to(casein_show_row_icon("trash"), casein_post_path(post), :method => :delete, :data => { :confirm => "Are you sure you want to delete this post?" }) %>
    26: 			</td>
  app/views/casein/posts/_table.html.erb:23:in `block in _app_views_casein_posts__table_html_erb__1177437347098587686_52700440'
  app/views/casein/posts/_table.html.erb:16:in `_app_views_casein_posts__table_html_erb__1177437347098587686_52700440'
  app/views/casein/posts/index.html.erb:5:in `_app_views_casein_posts_index_html_erb___3352623930916423797_53363360'


  Rendered /home/zaphod/.rvm/gems/ruby-2.2.0/gems/actionpack-4.2.1/lib/action_dispatch/middleware/templates/rescues/_source.erb (4.4ms)
  Rendered /home/zaphod/.rvm/gems/ruby-2.2.0/gems/actionpack-4.2.1/lib/action_dispatch/middleware/templates/rescues/_trace.html.erb (1.8ms)
  Rendered /home/zaphod/.rvm/gems/ruby-2.2.0/gems/actionpack-4.2.1/lib/action_dispatch/middleware/templates/rescues/_request_and_response.html.erb (0.5ms)
  Rendered /home/zaphod/.rvm/gems/ruby-2.2.0/gems/actionpack-4.2.1/lib/action_dispatch/middleware/templates/rescues/template_error.html.erb within rescues/layout (14.6ms)
  Rendered /home/zaphod/.rvm/gems/ruby-2.2.0/gems/web-console-2.1.2/lib/web_console/templates/_markup.html.erb (0.2ms)
  Rendered /home/zaphod/.rvm/gems/ruby-2.2.0/gems/web-console-2.1.2/lib/web_console/templates/style.css.erb within layouts/inlined_string (0.1ms)
  Rendered /home/zaphod/.rvm/gems/ruby-2.2.0/gems/web-console-2.1.2/lib/web_console/templates/_inner_console_markup.html.erb within layouts/inlined_string (0.1ms)
  Rendered /home/zaphod/.rvm/gems/ruby-2.2.0/gems/web-console-2.1.2/lib/web_console/templates/_prompt_box_markup.html.erb within layouts/inlined_string (0.1ms)
  Rendered /home/zaphod/.rvm/gems/ruby-2.2.0/gems/web-console-2.1.2/lib/web_console/templates/console.js.erb within layouts/javascript (8.1ms)
  Rendered /home/zaphod/.rvm/gems/ruby-2.2.0/gems/web-console-2.1.2/lib/web_console/templates/main.js.erb within layouts/javascript (0.1ms)
  Rendered /home/zaphod/.rvm/gems/ruby-2.2.0/gems/web-console-2.1.2/lib/web_console/templates/error_page.js.erb within layouts/javascript (0.2ms)
  Rendered /home/zaphod/.rvm/gems/ruby-2.2.0/gems/web-console-2.1.2/lib/web_console/templates/index.html.erb (16.6ms)


Started GET "/casein/posts" for 127.0.0.1 at 2015-06-04 17:43:46 -0400
Processing by Casein::PostsController#index as HTML
  [1m[36mCasein::AdminUser Load (0.1ms)[0m  [1mSELECT  "casein_admin_users".* FROM "casein_admin_users" WHERE "casein_admin_users"."id" = ? LIMIT 1[0m  [["id", 2]]
  [1m[35m (0.0ms)[0m  begin transaction
  [1m[36mSQL (0.1ms)[0m  [1mUPDATE "casein_admin_users" SET "last_request_at" = ?, "perishable_token" = ?, "updated_at" = ? WHERE "casein_admin_users"."id" = ?[0m  [["last_request_at", "2015-06-04 21:43:46.301500"], ["perishable_token", "xXbYJkcl5WHpK9KOEUbp"], ["updated_at", "2015-06-04 21:43:46.301871"], ["id", 2]]
  [1m[35m (116.1ms)[0m  commit transaction
  [1m[36m (0.1ms)[0m  [1mSELECT COUNT(*) FROM "posts"[0m
  [1m[35mPost Load (0.1ms)[0m  SELECT  "posts".* FROM "posts"  ORDER BY title   LIMIT 30 OFFSET 0
  Rendered casein/posts/_table.html.erb (2.8ms)
  Rendered casein/posts/index.html.erb within layouts/casein_main (3.7ms)
Completed 500 Internal Server Error in 124ms (ActiveRecord: 116.6ms)

ActionView::Template::Error (undefined method `time' for #<Post:0x00000007c559e8>):
    20: 			<td><%= casein_table_cell_link post.current, casein_post_path(post) %></td>
    21: 			<td><%= casein_table_cell_link post.created_on, casein_post_path(post) %></td>
    22: 			<td><%= casein_table_cell_link post.date, casein_post_path(post) %></td>
    23: 			<td><%= casein_table_cell_link post.time, casein_post_path(post) %></td>
    24: 			<td class="delete">
    25: 				<%= link_to(casein_show_row_icon("trash"), casein_post_path(post), :method => :delete, :data => { :confirm => "Are you sure you want to delete this post?" }) %>
    26: 			</td>
  app/views/casein/posts/_table.html.erb:23:in `block in _app_views_casein_posts__table_html_erb__1177437347098587686_52700440'
  app/views/casein/posts/_table.html.erb:16:in `_app_views_casein_posts__table_html_erb__1177437347098587686_52700440'
  app/views/casein/posts/index.html.erb:5:in `_app_views_casein_posts_index_html_erb___3352623930916423797_53363360'


  Rendered /home/zaphod/.rvm/gems/ruby-2.2.0/gems/actionpack-4.2.1/lib/action_dispatch/middleware/templates/rescues/_source.erb (4.8ms)
  Rendered /home/zaphod/.rvm/gems/ruby-2.2.0/gems/actionpack-4.2.1/lib/action_dispatch/middleware/templates/rescues/_trace.html.erb (1.6ms)
  Rendered /home/zaphod/.rvm/gems/ruby-2.2.0/gems/actionpack-4.2.1/lib/action_dispatch/middleware/templates/rescues/_request_and_response.html.erb (0.5ms)
  Rendered /home/zaphod/.rvm/gems/ruby-2.2.0/gems/actionpack-4.2.1/lib/action_dispatch/middleware/templates/rescues/template_error.html.erb within rescues/layout (14.9ms)
  Rendered /home/zaphod/.rvm/gems/ruby-2.2.0/gems/web-console-2.1.2/lib/web_console/templates/_markup.html.erb (0.2ms)
  Rendered /home/zaphod/.rvm/gems/ruby-2.2.0/gems/web-console-2.1.2/lib/web_console/templates/style.css.erb within layouts/inlined_string (0.1ms)
  Rendered /home/zaphod/.rvm/gems/ruby-2.2.0/gems/web-console-2.1.2/lib/web_console/templates/_inner_console_markup.html.erb within layouts/inlined_string (0.1ms)
  Rendered /home/zaphod/.rvm/gems/ruby-2.2.0/gems/web-console-2.1.2/lib/web_console/templates/_prompt_box_markup.html.erb within layouts/inlined_string (0.1ms)
  Rendered /home/zaphod/.rvm/gems/ruby-2.2.0/gems/web-console-2.1.2/lib/web_console/templates/console.js.erb within layouts/javascript (8.4ms)
  Rendered /home/zaphod/.rvm/gems/ruby-2.2.0/gems/web-console-2.1.2/lib/web_console/templates/main.js.erb within layouts/javascript (0.1ms)
  Rendered /home/zaphod/.rvm/gems/ruby-2.2.0/gems/web-console-2.1.2/lib/web_console/templates/error_page.js.erb within layouts/javascript (0.2ms)
  Rendered /home/zaphod/.rvm/gems/ruby-2.2.0/gems/web-console-2.1.2/lib/web_console/templates/index.html.erb (16.9ms)
  [1m[36mActiveRecord::SchemaMigration Load (0.1ms)[0m  [1mSELECT "schema_migrations".* FROM "schema_migrations"[0m
  [1m[35mActiveRecord::SchemaMigration Load (0.0ms)[0m  SELECT "schema_migrations".* FROM "schema_migrations"


Started GET "/casein/posts" for 127.0.0.1 at 2015-06-04 17:44:30 -0400
  [1m[36mActiveRecord::SchemaMigration Load (0.1ms)[0m  [1mSELECT "schema_migrations".* FROM "schema_migrations"[0m
Processing by Casein::PostsController#index as HTML
  [1m[35mCasein::AdminUser Load (0.1ms)[0m  SELECT  "casein_admin_users".* FROM "casein_admin_users" WHERE "casein_admin_users"."id" = ? LIMIT 1  [["id", 2]]
  [1m[36m (0.1ms)[0m  [1mbegin transaction[0m
  [1m[35mSQL (0.3ms)[0m  UPDATE "casein_admin_users" SET "last_request_at" = ?, "perishable_token" = ?, "updated_at" = ? WHERE "casein_admin_users"."id" = ?  [["last_request_at", "2015-06-04 21:44:30.599823"], ["perishable_token", "r758JVSMJd43176AyFE"], ["updated_at", "2015-06-04 21:44:30.600427"], ["id", 2]]
  [1m[36m (113.0ms)[0m  [1mcommit transaction[0m
  [1m[35m (0.1ms)[0m  SELECT COUNT(*) FROM "posts"
  [1m[36mPost Load (0.1ms)[0m  [1mSELECT  "posts".* FROM "posts"  ORDER BY title   LIMIT 30 OFFSET 0[0m
  Rendered casein/posts/_table.html.erb (4.9ms)
  Rendered casein/posts/index.html.erb within layouts/casein_main (8.8ms)
  Rendered casein/layouts/_top_navigation.html.erb (0.3ms)
  Rendered casein/layouts/_tab_navigation.html.erb (0.2ms)
Completed 200 OK in 340ms (Views: 170.2ms | ActiveRecord: 114.1ms)


Started GET "/assets/casein/casein.self-395127e1c359efe0b7eaf6ffad15cc196a686f6587bb1e69dfde6678ef058998.css?body=1" for 127.0.0.1 at 2015-06-04 17:44:30 -0400


Started GET "/assets/casein/custom.self-552318e16d76c33689d60be9fe1bb40aefeefa33895ee72dd2f19bc37a8ed7d1.css?body=1" for 127.0.0.1 at 2015-06-04 17:44:30 -0400


Started GET "/assets/jquery.self-d03a5518f45df77341bdbe6201ba3bfa547ebba8ed64f0ea56bfa5f96ea7c074.js?body=1" for 127.0.0.1 at 2015-06-04 17:44:30 -0400


Started GET "/assets/jquery_ujs.self-8e98a7a072a6cee1372d19fff9ff3e6aa1e39a37d89d6f06861637d061113ee7.js?body=1" for 127.0.0.1 at 2015-06-04 17:44:30 -0400


Started GET "/assets/bootstrap.self-e5f04e1a4d121273a314196210515f27b377d2d34a7e56e9348a0170962b72c4.js?body=1" for 127.0.0.1 at 2015-06-04 17:44:30 -0400


Started GET "/assets/casein/casein.self-b2f4c2f682f5dc20e8dc1e1af3930fa41f1796cb897c5f3d9788d6445d8efa86.js?body=1" for 127.0.0.1 at 2015-06-04 17:44:30 -0400


Started GET "/assets/casein/custom.self-efeca08c6fe59142430d3b3b43032a45acd8c04e4db78c3d3d556f19097d9086.js?body=1" for 127.0.0.1 at 2015-06-04 17:44:30 -0400


Started GET "/assets/casein/casein-da98950e65d5a2d09b5702055eb041ffe9fb3a4424c08b065e9fb62ce313dcd9.png" for 127.0.0.1 at 2015-06-04 17:44:30 -0400


Started GET "/casein/posts/new" for 127.0.0.1 at 2015-06-04 17:44:35 -0400
Processing by Casein::PostsController#new as HTML
  [1m[35mCasein::AdminUser Load (0.1ms)[0m  SELECT  "casein_admin_users".* FROM "casein_admin_users" WHERE "casein_admin_users"."id" = ? LIMIT 1  [["id", 2]]
  [1m[36m (0.0ms)[0m  [1mbegin transaction[0m
  [1m[35mSQL (0.1ms)[0m  UPDATE "casein_admin_users" SET "last_request_at" = ?, "perishable_token" = ?, "updated_at" = ? WHERE "casein_admin_users"."id" = ?  [["last_request_at", "2015-06-04 21:44:35.409705"], ["perishable_token", "aYAQWShj5LkufzhRfkOM"], ["updated_at", "2015-06-04 21:44:35.410043"], ["id", 2]]
  [1m[36m (124.8ms)[0m  [1mcommit transaction[0m
  Rendered casein/posts/_form.html.erb (24.9ms)
  Rendered casein/posts/new.html.erb within layouts/casein_main (27.9ms)
  Rendered casein/layouts/_top_navigation.html.erb (0.7ms)
  Rendered casein/layouts/_tab_navigation.html.erb (0.1ms)
Completed 200 OK in 207ms (Views: 78.7ms | ActiveRecord: 125.1ms)


Started POST "/casein/posts" for 127.0.0.1 at 2015-06-04 17:44:42 -0400
Processing by Casein::PostsController#create as HTML
  Parameters: {"utf8"=>"✓", "authenticity_token"=>"WlnpMBZT/1bvcohyRPC7Ud1+4o0VCldSDZwLnG4bwFKZlnmnRUPPc1xVB52wkQmBD7vlRPEoS3hT6DlRhaXdVw==", "post"=>{"title"=>"Test Test", "content"=>"Here is a test"}, "commit"=>"Add new post"}
  [1m[35mCasein::AdminUser Load (0.1ms)[0m  SELECT  "casein_admin_users".* FROM "casein_admin_users" WHERE "casein_admin_users"."id" = ? LIMIT 1  [["id", 2]]
  [1m[36m (0.1ms)[0m  [1mbegin transaction[0m
  [1m[35mSQL (0.2ms)[0m  UPDATE "casein_admin_users" SET "last_request_at" = ?, "perishable_token" = ?, "updated_at" = ? WHERE "casein_admin_users"."id" = ?  [["last_request_at", "2015-06-04 21:44:42.248919"], ["perishable_token", "W2DpzbWabIGZ7VbeKgk"], ["updated_at", "2015-06-04 21:44:42.249464"], ["id", 2]]
  [1m[36m (194.9ms)[0m  [1mcommit transaction[0m
  [1m[35m (0.1ms)[0m  begin transaction
  [1m[36mSQL (0.4ms)[0m  [1mINSERT INTO "posts" ("title", "content", "created_at", "created_on", "updated_at") VALUES (?, ?, ?, ?, ?)[0m  [["title", "Test Test"], ["content", "Here is a test"], ["created_at", "2015-06-04 21:44:42.448936"], ["created_on", "2015-06-04 21:44:42.448936"], ["updated_at", "2015-06-04 21:44:42.448936"]]
  [1m[35m (111.6ms)[0m  commit transaction
Redirected to http://localhost:3000/casein/posts
Completed 302 Found in 320ms (ActiveRecord: 307.4ms)


Started GET "/casein/posts" for 127.0.0.1 at 2015-06-04 17:44:42 -0400
Processing by Casein::PostsController#index as HTML
  [1m[36mCasein::AdminUser Load (0.1ms)[0m  [1mSELECT  "casein_admin_users".* FROM "casein_admin_users" WHERE "casein_admin_users"."id" = ? LIMIT 1[0m  [["id", 2]]
  [1m[35m (0.0ms)[0m  begin transaction
  [1m[36mSQL (0.2ms)[0m  [1mUPDATE "casein_admin_users" SET "last_request_at" = ?, "perishable_token" = ?, "updated_at" = ? WHERE "casein_admin_users"."id" = ?[0m  [["last_request_at", "2015-06-04 21:44:42.575180"], ["perishable_token", "puzwJXFejhqFjTYhB2Am"], ["updated_at", "2015-06-04 21:44:42.575625"], ["id", 2]]
  [1m[35m (119.8ms)[0m  commit transaction
  [1m[36m (0.1ms)[0m  [1mSELECT COUNT(*) FROM "posts"[0m
  [1m[35mPost Load (0.1ms)[0m  SELECT  "posts".* FROM "posts"  ORDER BY title   LIMIT 30 OFFSET 0
  Rendered casein/posts/_table.html.erb (2.7ms)
  Rendered casein/posts/index.html.erb within layouts/casein_main (4.4ms)
  Rendered casein/layouts/_top_navigation.html.erb (0.1ms)
  Rendered casein/layouts/_tab_navigation.html.erb (0.1ms)
Completed 200 OK in 187ms (Views: 61.2ms | ActiveRecord: 120.3ms)
